#
# There is insufficient memory for the Java Runtime Environment to continue.
# Native memory allocation (mmap) failed to map 262144 bytes for committing reserved memory.
# Possible reasons:
#   The system is out of physical RAM or swap space
#   The process is running with CompressedOops enabled, and the Java Heap may be blocking the growth of the native heap
# Possible solutions:
#   Reduce memory load on the system
#   Increase physical memory or swap space
#   Check if swap backing store is full
#   Decrease Java heap size (-Xmx/-Xms)
#   Decrease number of Java threads
#   Decrease Java thread stack sizes (-Xss)
#   Set larger code cache with -XX:ReservedCodeCacheSize=
#   JVM is running with Unscaled Compressed Oops mode in which the Java heap is
#     placed in the first 4GB address space. The Java Heap base address is the
#     maximum limit for the native heap growth. Please use -XX:HeapBaseMinAddress
#     to set the Java Heap base and to place the Java Heap above 4GB virtual address.
# This output file may be truncated or incomplete.
#
#  Out of Memory Error (os_linux.cpp:2792), pid=10215, tid=0x00007f1a17192700
#
# JRE version: OpenJDK Runtime Environment (8.0_265-b01) (build 1.8.0_265-8u265-b01-0ubuntu2~18.04-b01)
# Java VM: OpenJDK 64-Bit Server VM (25.265-b01 mixed mode linux-amd64 compressed oops)
# Failed to write core dump. Core dumps have been disabled. To enable core dumping, try "ulimit -c unlimited" before starting Java again
#

---------------  T H R E A D  ---------------

Current thread (0x00007f1a2d8c3800):  JavaThread "Server Watchdog" daemon [_thread_in_vm, id=11356, stack(0x00007f1a17092000,0x00007f1a17193000)]

Stack: [0x00007f1a17092000,0x00007f1a17193000],  sp=0x00007f1a17190b80,  free space=1018k
Native frames: (J=compiled Java code, j=interpreted, Vv=VM code, C=native code)
V  [libjvm.so+0xabaae2]
V  [libjvm.so+0x4de3f7]
V  [libjvm.so+0x8f0560]
V  [libjvm.so+0x8e74be]
V  [libjvm.so+0xab7300]
V  [libjvm.so+0x86a119]
V  [libjvm.so+0x86be4f]
V  [libjvm.so+0x86c74b]
V  [libjvm.so+0x86d1c5]
V  [libjvm.so+0x4dd6a5]
V  [libjvm.so+0x995759]
V  [libjvm.so+0x996209]
V  [libjvm.so+0x6335b2]
V  [libjvm.so+0x633f54]
V  [libjvm.so+0x63a7e7]
V  [libjvm.so+0x63ad50]
V  [libjvm.so+0x66e135]
j  net.minecraftforge.fml.common.LoadController.printModStates(Ljava/lang/StringBuilder;)V+66
j  net.minecraftforge.fml.common.Loader.getCrashInformation()Ljava/lang/String;+53
j  net.minecraftforge.fml.common.Loader$1.call()Ljava/lang/String;+4
j  net.minecraftforge.fml.common.Loader$1.call()Ljava/lang/Object;+1
j  net.minecraft.crash.CrashReportCategory.func_189529_a(Ljava/lang/String;Lnet/minecraft/crash/ICrashReportDetail;)V+3
j  net.minecraftforge.fml.common.FMLCommonHandler.enhanceCrashReport(Lnet/minecraft/crash/CrashReport;Lnet/minecraft/crash/CrashReportCategory;)V+40
j  net.minecraft.crash.CrashReport.func_71504_g()V+127
j  net.minecraft.crash.CrashReport.<init>(Ljava/lang/String;Ljava/lang/Throwable;)V+49
j  net.minecraft.server.dedicated.ServerHangWatchdog.run()V+235
j  java.lang.Thread.run()V+11
v  ~StubRoutines::call_stub
V  [libjvm.so+0x680d0a]
V  [libjvm.so+0x67e2eb]
V  [libjvm.so+0x67e8d7]
V  [libjvm.so+0x6c56db]
V  [libjvm.so+0xa5726f]
V  [libjvm.so+0xa583f2]
V  [libjvm.so+0x8ed782]
C  [libpthread.so.0+0x76db]  start_thread+0xdb

Java frames: (J=compiled Java code, j=interpreted, Vv=VM code)
j  net.minecraftforge.fml.common.LoadController.printModStates(Ljava/lang/StringBuilder;)V+66
j  net.minecraftforge.fml.common.Loader.getCrashInformation()Ljava/lang/String;+53
j  net.minecraftforge.fml.common.Loader$1.call()Ljava/lang/String;+4
j  net.minecraftforge.fml.common.Loader$1.call()Ljava/lang/Object;+1
j  net.minecraft.crash.CrashReportCategory.func_189529_a(Ljava/lang/String;Lnet/minecraft/crash/ICrashReportDetail;)V+3
j  net.minecraftforge.fml.common.FMLCommonHandler.enhanceCrashReport(Lnet/minecraft/crash/CrashReport;Lnet/minecraft/crash/CrashReportCategory;)V+40
j  net.minecraft.crash.CrashReport.func_71504_g()V+127
j  net.minecraft.crash.CrashReport.<init>(Ljava/lang/String;Ljava/lang/Throwable;)V+49
j  net.minecraft.server.dedicated.ServerHangWatchdog.run()V+235
j  java.lang.Thread.run()V+11
v  ~StubRoutines::call_stub

---------------  P R O C E S S  ---------------

Java Threads: ( => current thread )
  0x00007f1a2d495800 JavaThread "Chunk I/O Executor Thread-1" daemon [_thread_blocked, id=12228, stack(0x00007f1a12a7f000,0x00007f1a12b80000)]
  0x000055e9eb593000 JavaThread "threadDeathWatcher-2-1" daemon [_thread_in_vm, id=12203, stack(0x00007f1a16290000,0x00007f1a16391000)]
  0x00007f1a1ccbb000 JavaThread "Netty Epoll Server IO #1" daemon [_thread_in_native, id=12196, stack(0x00007f1a13d81000,0x00007f1a13e82000)]
  0x00007f1a2dc9e800 JavaThread "File IO Thread" [_thread_in_native, id=11384, stack(0x00007f1a13e82000,0x00007f1a13f83000)]
  0x00007f1a2dbfc000 JavaThread "pool-3-thread-1" [_thread_blocked, id=11377, stack(0x00007f1a14183000,0x00007f1a14284000)]
=>0x00007f1a2d8c3800 JavaThread "Server Watchdog" daemon [_thread_in_vm, id=11356, stack(0x00007f1a17092000,0x00007f1a17193000)]
  0x00007f1a2d6a2800 JavaThread "Netty Epoll Server IO #0" daemon [_thread_in_native, id=10860, stack(0x00007f1a21196000,0x00007f1a21297000)]
  0x00007f1a2cc78000 JavaThread "Timer-0" [_thread_in_vm, id=10725, stack(0x00007f1a16f91000,0x00007f1a17092000)]
  0x00007f1a3414b800 JavaThread "JLine terminal non blocking reader thread" daemon [_thread_in_native, id=10385, stack(0x00007f1a21497000,0x00007f1a21598000)]
  0x00007f1a2c007000 JavaThread "Server console handler" daemon [_thread_blocked, id=10379, stack(0x00007f1a21798000,0x00007f1a21899000)]
  0x00007f1a4800b000 JavaThread "DestroyJavaVM" [_thread_blocked, id=10216, stack(0x00007f1a505dc000,0x00007f1a506dc000)]
  0x00007f1a48f00000 JavaThread "Server thread" [_thread_in_Java, id=10378, stack(0x00007f1a21899000,0x00007f1a2199a000)]
  0x00007f1a48f76000 JavaThread "Server Infinisleeper" daemon [_thread_blocked, id=10377, stack(0x00007f1a22d9d000,0x00007f1a22e9e000)]
  0x00007f1a48f53000 JavaThread "Snooper Timer" daemon [_thread_blocked, id=10376, stack(0x00007f1a22c9c000,0x00007f1a22d9d000)]
  0x00007f1a480ed800 JavaThread "Service Thread" daemon [_thread_blocked, id=10223, stack(0x00007f1a3801d000,0x00007f1a3811e000)]
  0x00007f1a480d8800 JavaThread "C1 CompilerThread1" daemon [_thread_in_native, id=10222, stack(0x00007f1a3811f000,0x00007f1a3821f000)]
  0x00007f1a480d6800 JavaThread "C2 CompilerThread0" daemon [_thread_in_native, id=10221, stack(0x00007f1a38220000,0x00007f1a38320000)]
  0x00007f1a480d5000 JavaThread "Signal Dispatcher" daemon [_thread_blocked, id=10220, stack(0x00007f1a38320000,0x00007f1a38421000)]
  0x00007f1a480a4800 JavaThread "Finalizer" daemon [_thread_blocked, id=10219, stack(0x00007f1a386ff000,0x00007f1a38800000)]
  0x00007f1a480a0000 JavaThread "Reference Handler" daemon [_thread_blocked, id=10218, stack(0x00007f1a4c08f000,0x00007f1a4c190000)]

Other Threads:
  0x00007f1a48096800 VMThread [stack: 0x00007f1a4c191000,0x00007f1a4c291000] [id=10217]
  0x00007f1a480f0800 WatcherThread [stack: 0x00007f1a23f00000,0x00007f1a24000000] [id=10224]

VM state:not at safepoint (normal execution)

VM Mutex/Monitor currently owned by a thread: None

heap address: 0x0000000080000000, size: 2048 MB, Compressed Oops mode: 32-bit
Narrow klass base: 0x0000000000000000, Narrow klass shift: 3
Compressed class space size: 1073741824 Address: 0x0000000100000000

Heap:
 def new generation   total 629120K, used 380265K [0x0000000080000000, 0x00000000aaaa0000, 0x00000000aaaa0000)
  eden space 559232K,  63% used [0x0000000080000000, 0x0000000095d09f38, 0x00000000a2220000)
  from space 69888K,  32% used [0x00000000a2220000, 0x00000000a3870570, 0x00000000a6660000)
  to   space 69888K,   0% used [0x00000000a6660000, 0x00000000a6660000, 0x00000000aaaa0000)
 tenured generation   total 1398144K, used 721593K [0x00000000aaaa0000, 0x0000000100000000, 0x0000000100000000)
   the space 1398144K,  51% used [0x00000000aaaa0000, 0x00000000d6b4e6d0, 0x00000000d6b4e800, 0x0000000100000000)
 Metaspace       used 120657K, capacity 124862K, committed 124992K, reserved 1155072K
  class space    used 18113K, capacity 19197K, committed 19264K, reserved 1048576K

Card table byte_map: [0x00007f1a4c75c000,0x00007f1a4cb5d000] byte_map_base: 0x00007f1a4c35c000

Polling page: 0x00007f1a506e6000

CodeCache: size=245760Kb used=78621Kb max_used=79013Kb free=167138Kb
 bounds [0x00007f1a39000000, 0x00007f1a3ddd0000, 0x00007f1a48000000]
 total_blobs=20127 nmethods=19045 adapters=990
 compilation: enabled

Compilation events (10 events):
Event: 167972.666 Thread 0x00007f1a480d8800 32831       3       its_meow.betteranimalsplus.common.entity.ai.LammerMoveHelper::func_75640_a (16 bytes)
Event: 167972.803 Thread 0x00007f1a480d8800 nmethod 32831 0x00007f1a3b763250 code [0x00007f1a3b7633c0, 0x00007f1a3b763570]
Event: 167972.969 Thread 0x00007f1a480d8800 32832       3       its_meow.betteranimalsplus.common.entity.EntityLammergeier$EntityAIFindEntityNearestFlying::func_75253_b (88 bytes)
Event: 167975.848 Thread 0x00007f1a480d8800 nmethod 32832 0x00007f1a3bf4fc10 code [0x00007f1a3bf4ffa0, 0x00007f1a3bf51f68]
Event: 167977.463 Thread 0x00007f1a480d8800 32833       3       its_meow.betteranimalsplus.common.entity.EntityLammergeier$AIMeleeAttack::func_75253_b (56 bytes)
Event: 167980.312 Thread 0x00007f1a480d8800 nmethod 32833 0x00007f1a3b0fa110 code [0x00007f1a3b0fa2e0, 0x00007f1a3b0fab40]
Event: 167980.489 Thread 0x00007f1a480d8800 32834       3       its_meow.betteranimalsplus.common.entity.EntityLammergeier$AIRandomFly::func_75250_a (112 bytes)
Event: 167982.557 Thread 0x00007f1a480d6800 32836       4       io.netty.channel.DefaultChannelPipeline$HeadContext::flush (10 bytes)
Event: 167991.421 Thread 0x00007f1a480d8800 nmethod 32834 0x00007f1a3da4ab50 code [0x00007f1a3da4ad40, 0x00007f1a3da4b7e0]
Event: 167991.557 Thread 0x00007f1a480d8800 32835       3       net.minecraft.network.NetHandlerPlayServer::func_147347_a (1331 bytes)

GC Heap History (10 events):
Event: 167848.395 GC heap before
{Heap before GC invocations=971 (full 4):
 def new generation   total 629120K, used 581023K [0x0000000080000000, 0x00000000aaaa0000, 0x00000000aaaa0000)
  eden space 559232K, 100% used [0x0000000080000000, 0x00000000a2220000, 0x00000000a2220000)
  from space 69888K,  31% used [0x00000000a6660000, 0x00000000a7ba7f70, 0x00000000aaaa0000)
  to   space 69888K,   0% used [0x00000000a2220000, 0x00000000a2220000, 0x00000000a6660000)
 tenured generation   total 1398144K, used 721593K [0x00000000aaaa0000, 0x0000000100000000, 0x0000000100000000)
   the space 1398144K,  51% used [0x00000000aaaa0000, 0x00000000d6b4e6d0, 0x00000000d6b4e800, 0x0000000100000000)
 Metaspace       used 120611K, capacity 124734K, committed 124992K, reserved 1155072K
  class space    used 18108K, capacity 19197K, committed 19264K, reserved 1048576K
Event: 167848.424 GC heap after
Heap after GC invocations=972 (full 4):
 def new generation   total 629120K, used 21382K [0x0000000080000000, 0x00000000aaaa0000, 0x00000000aaaa0000)
  eden space 559232K,   0% used [0x0000000080000000, 0x0000000080000000, 0x00000000a2220000)
  from space 69888K,  30% used [0x00000000a2220000, 0x00000000a3701868, 0x00000000a6660000)
  to   space 69888K,   0% used [0x00000000a6660000, 0x00000000a6660000, 0x00000000aaaa0000)
 tenured generation   total 1398144K, used 721593K [0x00000000aaaa0000, 0x0000000100000000, 0x0000000100000000)
   the space 1398144K,  51% used [0x00000000aaaa0000, 0x00000000d6b4e6d0, 0x00000000d6b4e800, 0x0000000100000000)
 Metaspace       used 120611K, capacity 124734K, committed 124992K, reserved 1155072K
  class space    used 18108K, capacity 19197K, committed 19264K, reserved 1048576K
}
Event: 167873.746 GC heap before
{Heap before GC invocations=972 (full 4):
 def new generation   total 629120K, used 580614K [0x0000000080000000, 0x00000000aaaa0000, 0x00000000aaaa0000)
  eden space 559232K, 100% used [0x0000000080000000, 0x00000000a2220000, 0x00000000a2220000)
  from space 69888K,  30% used [0x00000000a2220000, 0x00000000a3701868, 0x00000000a6660000)
  to   space 69888K,   0% used [0x00000000a6660000, 0x00000000a6660000, 0x00000000aaaa0000)
 tenured generation   total 1398144K, used 721593K [0x00000000aaaa0000, 0x0000000100000000, 0x0000000100000000)
   the space 1398144K,  51% used [0x00000000aaaa0000, 0x00000000d6b4e6d0, 0x00000000d6b4e800, 0x0000000100000000)
 Metaspace       used 120611K, capacity 124734K, committed 124992K, reserved 1155072K
  class space    used 18108K, capacity 19197K, committed 19264K, reserved 1048576K
Event: 167873.773 GC heap after
Heap after GC invocations=973 (full 4):
 def new generation   total 629120K, used 21652K [0x0000000080000000, 0x00000000aaaa0000, 0x00000000aaaa0000)
  eden space 559232K,   0% used [0x0000000080000000, 0x0000000080000000, 0x00000000a2220000)
  from space 69888K,  30% used [0x00000000a6660000, 0x00000000a7b850a8, 0x00000000aaaa0000)
  to   space 69888K,   0% used [0x00000000a2220000, 0x00000000a2220000, 0x00000000a6660000)
 tenured generation   total 1398144K, used 721593K [0x00000000aaaa0000, 0x0000000100000000, 0x0000000100000000)
   the space 1398144K,  51% used [0x00000000aaaa0000, 0x00000000d6b4e6d0, 0x00000000d6b4e800, 0x0000000100000000)
 Metaspace       used 120611K, capacity 124734K, committed 124992K, reserved 1155072K
  class space    used 18108K, capacity 19197K, committed 19264K, reserved 1048576K
}
Event: 167909.996 GC heap before
{Heap before GC invocations=973 (full 4):
 def new generation   total 629120K, used 580884K [0x0000000080000000, 0x00000000aaaa0000, 0x00000000aaaa0000)
  eden space 559232K, 100% used [0x0000000080000000, 0x00000000a2220000, 0x00000000a2220000)
  from space 69888K,  30% used [0x00000000a6660000, 0x00000000a7b850a8, 0x00000000aaaa0000)
  to   space 69888K,   0% used [0x00000000a2220000, 0x00000000a2220000, 0x00000000a6660000)
 tenured generation   total 1398144K, used 721593K [0x00000000aaaa0000, 0x0000000100000000, 0x0000000100000000)
   the space 1398144K,  51% used [0x00000000aaaa0000, 0x00000000d6b4e6d0, 0x00000000d6b4e800, 0x0000000100000000)
 Metaspace       used 120611K, capacity 124734K, committed 124992K, reserved 1155072K
  class space    used 18108K, capacity 19197K, committed 19264K, reserved 1048576K
Event: 167910.024 GC heap after
Heap after GC invocations=974 (full 4):
 def new generation   total 629120K, used 20745K [0x0000000080000000, 0x00000000aaaa0000, 0x00000000aaaa0000)
  eden space 559232K,   0% used [0x0000000080000000, 0x0000000080000000, 0x00000000a2220000)
  from space 69888K,  29% used [0x00000000a2220000, 0x00000000a3662528, 0x00000000a6660000)
  to   space 69888K,   0% used [0x00000000a6660000, 0x00000000a6660000, 0x00000000aaaa0000)
 tenured generation   total 1398144K, used 721593K [0x00000000aaaa0000, 0x0000000100000000, 0x0000000100000000)
   the space 1398144K,  51% used [0x00000000aaaa0000, 0x00000000d6b4e6d0, 0x00000000d6b4e800, 0x0000000100000000)
 Metaspace       used 120611K, capacity 124734K, committed 124992K, reserved 1155072K
  class space    used 18108K, capacity 19197K, committed 19264K, reserved 1048576K
}
Event: 167957.649 GC heap before
{Heap before GC invocations=974 (full 4):
 def new generation   total 629120K, used 579977K [0x0000000080000000, 0x00000000aaaa0000, 0x00000000aaaa0000)
  eden space 559232K, 100% used [0x0000000080000000, 0x00000000a2220000, 0x00000000a2220000)
  from space 69888K,  29% used [0x00000000a2220000, 0x00000000a3662528, 0x00000000a6660000)
  to   space 69888K,   0% used [0x00000000a6660000, 0x00000000a6660000, 0x00000000aaaa0000)
 tenured generation   total 1398144K, used 721593K [0x00000000aaaa0000, 0x0000000100000000, 0x0000000100000000)
   the space 1398144K,  51% used [0x00000000aaaa0000, 0x00000000d6b4e6d0, 0x00000000d6b4e800, 0x0000000100000000)
 Metaspace       used 120640K, capacity 124798K, committed 124992K, reserved 1155072K
  class space    used 18112K, capacity 19197K, committed 19264K, reserved 1048576K
Event: 167957.677 GC heap after
Heap after GC invocations=975 (full 4):
 def new generation   total 629120K, used 21799K [0x0000000080000000, 0x00000000aaaa0000, 0x00000000aaaa0000)
  eden space 559232K,   0% used [0x0000000080000000, 0x0000000080000000, 0x00000000a2220000)
  from space 69888K,  31% used [0x00000000a6660000, 0x00000000a7ba9e10, 0x00000000aaaa0000)
  to   space 69888K,   0% used [0x00000000a2220000, 0x00000000a2220000, 0x00000000a6660000)
 tenured generation   total 1398144K, used 721593K [0x00000000aaaa0000, 0x0000000100000000, 0x0000000100000000)
   the space 1398144K,  51% used [0x00000000aaaa0000, 0x00000000d6b4e6d0, 0x00000000d6b4e800, 0x0000000100000000)
 Metaspace       used 120640K, capacity 124798K, committed 124992K, reserved 1155072K
  class space    used 18112K, capacity 19197K, committed 19264K, reserved 1048576K
}
Event: 167997.855 GC heap before
{Heap before GC invocations=975 (full 4):
 def new generation   total 629120K, used 581031K [0x0000000080000000, 0x00000000aaaa0000, 0x00000000aaaa0000)
  eden space 559232K, 100% used [0x0000000080000000, 0x00000000a2220000, 0x00000000a2220000)
  from space 69888K,  31% used [0x00000000a6660000, 0x00000000a7ba9e10, 0x00000000aaaa0000)
  to   space 69888K,   0% used [0x00000000a2220000, 0x00000000a2220000, 0x00000000a6660000)
 tenured generation   total 1398144K, used 721593K [0x00000000aaaa0000, 0x0000000100000000, 0x0000000100000000)
   the space 1398144K,  51% used [0x00000000aaaa0000, 0x00000000d6b4e6d0, 0x00000000d6b4e800, 0x0000000100000000)
 Metaspace       used 120652K, capacity 124862K, committed 124992K, reserved 1155072K
  class space    used 18112K, capacity 19197K, committed 19264K, reserved 1048576K
Event: 168002.454 GC heap after
Heap after GC invocations=976 (full 4):
 def new generation   total 629120K, used 22849K [0x0000000080000000, 0x00000000aaaa0000, 0x00000000aaaa0000)
  eden space 559232K,   0% used [0x0000000080000000, 0x0000000080000000, 0x00000000a2220000)
  from space 69888K,  32% used [0x00000000a2220000, 0x00000000a3870570, 0x00000000a6660000)
  to   space 69888K,   0% used [0x00000000a6660000, 0x00000000a6660000, 0x00000000aaaa0000)
 tenured generation   total 1398144K, used 721593K [0x00000000aaaa0000, 0x0000000100000000, 0x0000000100000000)
   the space 1398144K,  51% used [0x00000000aaaa0000, 0x00000000d6b4e6d0, 0x00000000d6b4e800, 0x0000000100000000)
 Metaspace       used 120652K, capacity 124862K, committed 124992K, reserved 1155072K
  class space    used 18112K, capacity 19197K, committed 19264K, reserved 1048576K
}

Deoptimization events (10 events):
Event: 167957.836 Thread 0x00007f1a48f00000 Uncommon trap: reason=unstable_if action=reinterpret pc=0x00007f1a3d779a5c method=its_meow.betteranimalsplus.common.entity.EntityLammergeier$EntityAIFindEntityNearestFlying.func_75250_a()Z @ 63
Event: 167957.837 Thread 0x00007f1a48f00000 Uncommon trap: reason=unstable_if action=reinterpret pc=0x00007f1a3c93f1b8 method=its_meow.betteranimalsplus.common.entity.EntityLammergeier$AIMeleeAttack.func_75250_a()Z @ 9
Event: 167957.837 Thread 0x00007f1a48f00000 Uncommon trap: reason=unstable_if action=reinterpret pc=0x00007f1a3c76319c method=its_meow.betteranimalsplus.common.entity.EntityLammergeier$AIRandomFly.func_75250_a()Z @ 27
Event: 167958.846 Thread 0x00007f1a48f00000 Uncommon trap: reason=unstable_if action=reinterpret pc=0x00007f1a3d5ff4b0 method=its_meow.betteranimalsplus.common.entity.EntityLammergeier.func_70619_bc()V @ 62
Event: 167962.642 Thread 0x00007f1a48f00000 Uncommon trap: reason=unstable_if action=reinterpret pc=0x00007f1a3d78f84c method=net.minecraft.network.NetHandlerPlayServer.func_147347_a(Lnet/minecraft/network/play/client/CPacketPlayer;)V @ 94
Event: 168097.532 Thread 0x00007f1a2d8c3800 Uncommon trap: reason=null_check action=make_not_entrant pc=0x00007f1a398367bc method=org.apache.logging.log4j.message.ReusableMessageFactory.getParameterized()Lorg/apache/logging/log4j/message/ReusableParameterizedMessage; @ 6
Event: 168099.542 Thread 0x00007f1a2d8c3800 Uncommon trap: reason=null_check action=make_not_entrant pc=0x00007f1a3d68c3f0 method=org.apache.logging.log4j.core.impl.ReusableLogEventFactory.createEvent(Ljava/lang/String;Lorg/apache/logging/log4j/Marker;Ljava/lang/String;Lorg/apache/logging/log4j/Lev
Event: 168105.490 Thread 0x00007f1a2d8c3800 Uncommon trap: reason=null_check action=make_not_entrant pc=0x00007f1a3b12ba88 method=org.apache.logging.log4j.core.layout.StringBuilderEncoder.getCharsetEncoder()Ljava/nio/charset/CharsetEncoder; @ 7
Event: 168170.318 Thread 0x00007f1a2d8c3800 Uncommon trap: reason=class_check action=maybe_recompile pc=0x00007f1a3a54c688 method=com.google.common.collect.ImmutableList.copyOf(Ljava/util/Collection;)Lcom/google/common/collect/ImmutableList; @ 8
Event: 168171.770 Thread 0x00007f1a2d8c3800 Uncommon trap: reason=class_check action=maybe_recompile pc=0x00007f1a3c0ebfd0 method=com.google.common.collect.ImmutableList.copyIntoArray([Ljava/lang/Object;I)I @ 1

Classes redefined (0 events):
No events

Internal exceptions (10 events):
Event: 166625.962 Thread 0x00007f1a48f53000 Exception <a 'java/security/PrivilegedActionException'> (0x0000000084f4c2b0) thrown at [/build/openjdk-8-nxKaDu/openjdk-8-8u265-b01/src/hotspot/src/share/vm/prims/jvm.cpp, line 1512]
Event: 166625.962 Thread 0x00007f1a48f53000 Exception <a 'java/security/PrivilegedActionException'> (0x0000000084f4c4c0) thrown at [/build/openjdk-8-nxKaDu/openjdk-8-8u265-b01/src/hotspot/src/share/vm/prims/jvm.cpp, line 1512]
Event: 166975.642 Thread 0x00007f1a48f00000 Implicit null exception at 0x00007f1a3bed328f to 0x00007f1a3bed3509
Event: 167525.959 Thread 0x00007f1a48f53000 Exception <a 'java/net/ConnectException'> (0x000000009e04b880) thrown at [/build/openjdk-8-nxKaDu/openjdk-8-8u265-b01/src/hotspot/src/share/vm/prims/jni.cpp, line 711]
Event: 167525.959 Thread 0x00007f1a48f53000 Exception <a 'java/security/PrivilegedActionException'> (0x000000009eafbc80) thrown at [/build/openjdk-8-nxKaDu/openjdk-8-8u265-b01/src/hotspot/src/share/vm/prims/jvm.cpp, line 1512]
Event: 167525.959 Thread 0x00007f1a48f53000 Exception <a 'java/security/PrivilegedActionException'> (0x000000009eafbe90) thrown at [/build/openjdk-8-nxKaDu/openjdk-8-8u265-b01/src/hotspot/src/share/vm/prims/jvm.cpp, line 1512]
Event: 167928.483 Thread 0x00007f1a2d6a2800 Implicit null exception at 0x00007f1a3c26b778 to 0x00007f1a3c26e29d
Event: 168096.671 Thread 0x00007f1a2d8c3800 Implicit null exception at 0x00007f1a398366fa to 0x00007f1a398367b1
Event: 168099.384 Thread 0x00007f1a2d8c3800 Implicit null exception at 0x00007f1a3d68b725 to 0x00007f1a3d68c3b9
Event: 168105.374 Thread 0x00007f1a2d8c3800 Implicit null exception at 0x00007f1a3b12a0db to 0x00007f1a3b12ba5d

Events (10 events):
Event: 168151.346 loading class java/lang/management/ThreadInfo$1
Event: 168152.404 loading class java/lang/management/ThreadInfo$1 done
Event: 168159.466 Executing VM operation: RevokeBias
Event: 168160.349 Executing VM operation: RevokeBias done
Event: 168169.626 Thread 0x00007f1a2d8c3800 Uncommon trap: trap_request=0xffffffde fr.pc=0x00007f1a3a54c688
Event: 168170.460 Thread 0x00007f1a2d8c3800 DEOPT PACKING pc=0x00007f1a3a54c688 sp=0x00007f1a17191550
Event: 168170.644 Thread 0x00007f1a2d8c3800 DEOPT UNPACKING pc=0x00007f1a3904547a sp=0x00007f1a17191520 mode 2
Event: 168171.699 Thread 0x00007f1a2d8c3800 Uncommon trap: trap_request=0xffffffde fr.pc=0x00007f1a3c0ebfd0
Event: 168172.307 Thread 0x00007f1a2d8c3800 DEOPT PACKING pc=0x00007f1a3c0ebfd0 sp=0x00007f1a171914b0
Event: 168172.542 Thread 0x00007f1a2d8c3800 DEOPT UNPACKING pc=0x00007f1a3904547a sp=0x00007f1a17191460 mode 2


Dynamic libraries:
80000000-1012d0000 rw-p 00000000 00:00 0 
1012d0000-140000000 ---p 00000000 00:00 0 
55e9ea7b5000-55e9ea7b6000 r-xp 00000000 fc:01 1978598                    /usr/lib/jvm/java-8-openjdk-amd64/jre/bin/java
55e9ea9b5000-55e9ea9b6000 r--p 00000000 fc:01 1978598                    /usr/lib/jvm/java-8-openjdk-amd64/jre/bin/java
55e9ea9b6000-55e9ea9b7000 rw-p 00001000 fc:01 1978598                    /usr/lib/jvm/java-8-openjdk-amd64/jre/bin/java
55e9eb524000-55e9eb797000 rw-p 00000000 00:00 0                          [heap]
7f1a1107c000-7f1a111bc000 rw-p 00000000 00:00 0 
7f1a111fc000-7f1a1127c000 ---p 00000000 00:00 0 
7f1a1127c000-7f1a1147c000 rw-p 00000000 00:00 0 
7f1a1147c000-7f1a1267d000 rw-p 00000000 00:00 0 
7f1a1267d000-7f1a1287d000 rw-p 00000000 00:00 0 
7f1a1287d000-7f1a12880000 ---p 00000000 00:00 0 
7f1a12880000-7f1a1297e000 rw-p 00000000 00:00 0 
7f1a1297e000-7f1a12981000 ---p 00000000 00:00 0 
7f1a12981000-7f1a12a7f000 rw-p 00000000 00:00 0 
7f1a12a7f000-7f1a12a82000 ---p 00000000 00:00 0 
7f1a12a82000-7f1a13d81000 rw-p 00000000 00:00 0 
7f1a13d81000-7f1a13d84000 ---p 00000000 00:00 0 
7f1a13d84000-7f1a13e82000 rw-p 00000000 00:00 0 
7f1a13e82000-7f1a13e85000 ---p 00000000 00:00 0 
7f1a13e85000-7f1a14183000 rw-p 00000000 00:00 0 
7f1a14183000-7f1a14186000 ---p 00000000 00:00 0 
7f1a14186000-7f1a14484000 rw-p 00000000 00:00 0 
7f1a14484000-7f1a14684000 rw-p 00000000 00:00 0 
7f1a14684000-7f1a14884000 rw-p 00000000 00:00 0 
7f1a14884000-7f1a14a84000 rw-p 00000000 00:00 0 
7f1a14a84000-7f1a14c84000 rw-p 00000000 00:00 0 
7f1a14c84000-7f1a14e84000 rw-p 00000000 00:00 0 
7f1a14e84000-7f1a15084000 rw-p 00000000 00:00 0 
7f1a15084000-7f1a15284000 rw-p 00000000 00:00 0 
7f1a15284000-7f1a15484000 rw-p 00000000 00:00 0 
7f1a15484000-7f1a15684000 rw-p 00000000 00:00 0 
7f1a15684000-7f1a1568f000 r-xp 00000000 fc:01 2228247                    /tmp/libnetty-transport-native-epoll6936368878828440022.so (deleted)
7f1a1568f000-7f1a1588f000 ---p 0000b000 fc:01 2228247                    /tmp/libnetty-transport-native-epoll6936368878828440022.so (deleted)
7f1a1588f000-7f1a15890000 rw-p 0000b000 fc:01 2228247                    /tmp/libnetty-transport-native-epoll6936368878828440022.so (deleted)
7f1a15890000-7f1a15a90000 rw-p 00000000 00:00 0 
7f1a15a90000-7f1a15c90000 rw-p 00000000 00:00 0 
7f1a15c90000-7f1a15e90000 rw-p 00000000 00:00 0 
7f1a15e90000-7f1a16090000 rw-p 00000000 00:00 0 
7f1a16090000-7f1a16290000 rw-p 00000000 00:00 0 
7f1a16290000-7f1a16293000 ---p 00000000 00:00 0 
7f1a16293000-7f1a16591000 rw-p 00000000 00:00 0 
7f1a16591000-7f1a16791000 rw-p 00000000 00:00 0 
7f1a16791000-7f1a16991000 rw-p 00000000 00:00 0 
7f1a16991000-7f1a16b91000 rw-p 00000000 00:00 0 
7f1a16b91000-7f1a16d91000 rw-p 00000000 00:00 0 
7f1a16d91000-7f1a16f91000 rw-p 00000000 00:00 0 
7f1a16f91000-7f1a16f94000 ---p 00000000 00:00 0 
7f1a16f94000-7f1a17092000 rw-p 00000000 00:00 0 
7f1a17092000-7f1a17095000 ---p 00000000 00:00 0 
7f1a17095000-7f1a17393000 rw-p 00000000 00:00 0 
7f1a17393000-7f1a17593000 rw-p 00000000 00:00 0 
7f1a17593000-7f1a175aa000 r-xp 00000000 fc:01 1442309                    /lib/x86_64-linux-gnu/libresolv-2.27.so
7f1a175aa000-7f1a177aa000 ---p 00017000 fc:01 1442309                    /lib/x86_64-linux-gnu/libresolv-2.27.so
7f1a177aa000-7f1a177ab000 r--p 00017000 fc:01 1442309                    /lib/x86_64-linux-gnu/libresolv-2.27.so
7f1a177ab000-7f1a177ac000 rw-p 00018000 fc:01 1442309                    /lib/x86_64-linux-gnu/libresolv-2.27.so
7f1a177ac000-7f1a177ae000 rw-p 00000000 00:00 0 
7f1a177ae000-7f1a177b3000 r-xp 00000000 fc:01 1442283                    /lib/x86_64-linux-gnu/libnss_dns-2.27.so
7f1a177b3000-7f1a179b3000 ---p 00005000 fc:01 1442283                    /lib/x86_64-linux-gnu/libnss_dns-2.27.so
7f1a179b3000-7f1a179b4000 r--p 00005000 fc:01 1442283                    /lib/x86_64-linux-gnu/libnss_dns-2.27.so
7f1a179b4000-7f1a179b5000 rw-p 00006000 fc:01 1442283                    /lib/x86_64-linux-gnu/libnss_dns-2.27.so
7f1a179be000-7f1a179e6000 r-xp 00000000 fc:01 1978641                    /usr/lib/jvm/java-8-openjdk-amd64/jre/lib/amd64/libsunec.so
7f1a179e6000-7f1a17be5000 ---p 00028000 fc:01 1978641                    /usr/lib/jvm/java-8-openjdk-amd64/jre/lib/amd64/libsunec.so
7f1a17be5000-7f1a17be9000 r--p 00027000 fc:01 1978641                    /usr/lib/jvm/java-8-openjdk-amd64/jre/lib/amd64/libsunec.so
7f1a17be9000-7f1a17bea000 rw-p 0002b000 fc:01 1978641                    /usr/lib/jvm/java-8-openjdk-amd64/jre/lib/amd64/libsunec.so
7f1a17bea000-7f1a17c00000 r--s 007bf000 fc:01 928930                     /opt/minecraft/mods/更多动物.jar
7f1a17c00000-7f1a17e00000 rw-p 00000000 00:00 0 
7f1a17e00000-7f1a18000000 rw-p 00000000 00:00 0 
7f1a18000000-7f1a180ac000 rw-p 00000000 00:00 0 
7f1a180ac000-7f1a1c000000 ---p 00000000 00:00 0 
7f1a1c000000-7f1a1d57f000 rw-p 00000000 00:00 0 
7f1a1d57f000-7f1a20000000 ---p 00000000 00:00 0 
7f1a20005000-7f1a2000c000 r--s 0005c000 fc:01 928940                     /opt/minecraft/mods/陆行鸟_1.12.2-0.9.8.0.jar
7f1a2000c000-7f1a2003d000 r--s 006af000 fc:01 928938                     /opt/minecraft/mods/血魔法2-1.12.2-2.4.3-105.jar
7f1a2003d000-7f1a20061000 r--s 000f3000 fc:01 928937                     /opt/minecraft/mods/自然-1.12.2-4.3.2.69.jar
7f1a20061000-7f1a2008f000 r--s 00946000 fc:01 928936                     /opt/minecraft/mods/自定义NPC_1.12.2-(05Jul20).jar
7f1a2008f000-7f1a200ad000 r--s 0019d000 fc:01 928935                     /opt/minecraft/mods/等价交换-1.12.2-PE1.4.1.jar
7f1a200ad000-7f1a200b0000 r--s 0002b000 fc:01 928934                     /opt/minecraft/mods/矿石挖掘-1.4.150.jar
7f1a200b0000-7f1a200ba000 r--s 00057000 fc:01 928928                     /opt/minecraft/mods/旅行者背包-1.12.2-1.0.34.jar
7f1a200ba000-7f1a200be000 r--s 00026000 fc:01 928926                     /opt/minecraft/mods/指南-API-1.12-2.1.8-63.jar
7f1a200be000-7f1a200cc000 r--s 00381000 fc:01 928925                     /opt/minecraft/mods/拔刀剑-mc1.12-r32.jar
7f1a200cc000-7f1a200d1000 r--s 00036000 fc:01 928924                     /opt/minecraft/mods/扩展炼金-forge-1.12-build11-0.5.4.jar
7f1a200d1000-7f1a20137000 r--s 00cc7000 fc:01 928933                     /opt/minecraft/mods/植物魔法+r1.10-363.jar
7f1a20137000-7f1a2013e000 r--s 0008c000 fc:01 928922                     /opt/minecraft/mods/巫术学：暮色森林扩展包-1.0.2-MC1.12.2.jar
7f1a2013e000-7f1a2033e000 rw-p 00000000 00:00 0 
7f1a2033e000-7f1a20375000 r--s 0063d000 fc:01 928919                     /opt/minecraft/mods/巫术学：暮色森林法术包-4.2.11-MC1.12.2.jar
7f1a20375000-7f1a20378000 r--s 00018000 fc:01 928941                     /opt/minecraft/mods/饰品栏-1.12-1.5.2.jar
7f1a20378000-7f1a2038f000 r--s 000c4000 fc:01 928917                     /opt/minecraft/mods/匠魂兵工厂_匠魂护甲-1.12.2-1.2.5.9.jar
7f1a2038f000-7f1a20396000 r-xp 00000000 fc:01 1978615                    /usr/lib/jvm/java-8-openjdk-amd64/jre/lib/amd64/libawt_headless.so
7f1a20396000-7f1a20595000 ---p 00007000 fc:01 1978615                    /usr/lib/jvm/java-8-openjdk-amd64/jre/lib/amd64/libawt_headless.so
7f1a20595000-7f1a20596000 r--p 00006000 fc:01 1978615                    /usr/lib/jvm/java-8-openjdk-amd64/jre/lib/amd64/libawt_headless.so
7f1a20596000-7f1a20597000 rw-p 00007000 fc:01 1978615                    /usr/lib/jvm/java-8-openjdk-amd64/jre/lib/amd64/libawt_headless.so
7f1a20597000-7f1a20636000 r-xp 00000000 fc:01 1978614                    /usr/lib/jvm/java-8-openjdk-amd64/jre/lib/amd64/libawt.so
7f1a20636000-7f1a20835000 ---p 0009f000 fc:01 1978614                    /usr/lib/jvm/java-8-openjdk-amd64/jre/lib/amd64/libawt.so
7f1a20835000-7f1a20836000 r--p 0009e000 fc:01 1978614                    /usr/lib/jvm/java-8-openjdk-amd64/jre/lib/amd64/libawt.so
7f1a20836000-7f1a20841000 rw-p 0009f000 fc:01 1978614                    /usr/lib/jvm/java-8-openjdk-amd64/jre/lib/amd64/libawt.so
7f1a20841000-7f1a20a66000 rw-p 00000000 00:00 0 
7f1a20a66000-7f1a20abc000 r--s 00381000 fc:01 928916                     /opt/minecraft/mods/匠魂2-1.12.2-2.13.0.183.jar
7f1a20abc000-7f1a20b20000 r--s 01b01000 fc:01 928929                     /opt/minecraft/mods/暮色森林-1.12.2-3.11.1021-universal.jar
7f1a20b20000-7f1a20b2e000 r--s 000c0000 fc:01 928923                     /opt/minecraft/mods/地幔-1.12-1.3.3.55.jar
7f1a20b2e000-7f1a20b38000 r--s 00057000 fc:01 928915                     /opt/minecraft/mods/动态的树：超多生物群系扩展-1.12.2-1.4.1e.jar
7f1a20b38000-7f1a20b7b000 r--s 00438000 fc:01 928939                     /opt/minecraft/mods/超多生物群系-1.12.2-7.0.1.2441-universal.jar
7f1a20b7b000-7f1a20b8b000 r--s 000ba000 fc:01 928912                     /opt/minecraft/mods/动态的树-1.12.2-0.9.13.jar
7f1a20b8b000-7f1a20d8b000 rw-p 00000000 00:00 0 
7f1a20d8b000-7f1a20f8b000 rw-p 00000000 00:00 0 
7f1a20f8b000-7f1a20f96000 r--s 00050000 fc:01 928909                     /opt/minecraft/mods/libnine-1.12.2-1.1.9.jar
7f1a20f96000-7f1a21196000 rw-p 00000000 00:00 0 
7f1a21196000-7f1a21199000 ---p 00000000 00:00 0 
7f1a21199000-7f1a21497000 rw-p 00000000 00:00 0 
7f1a21497000-7f1a2149a000 ---p 00000000 00:00 0 
7f1a2149a000-7f1a21798000 rw-p 00000000 00:00 0 
7f1a21798000-7f1a2179b000 ---p 00000000 00:00 0 
7f1a2179b000-7f1a21899000 rw-p 00000000 00:00 0 
7f1a21899000-7f1a2189c000 ---p 00000000 00:00 0 
7f1a2189c000-7f1a21b9a000 rw-p 00000000 00:00 0 
7f1a21b9a000-7f1a21d9a000 rw-p 00000000 00:00 0 
7f1a21d9a000-7f1a21f9a000 rw-p 00000000 00:00 0 
7f1a21f9a000-7f1a2219a000 rw-p 00000000 00:00 0 
7f1a2219a000-7f1a2239a000 rw-p 00000000 00:00 0 
7f1a2239a000-7f1a223b0000 r-xp 00000000 fc:01 1978642                    /usr/lib/jvm/java-8-openjdk-amd64/jre/lib/amd64/libunpack.so
7f1a223b0000-7f1a225af000 ---p 00016000 fc:01 1978642                    /usr/lib/jvm/java-8-openjdk-amd64/jre/lib/amd64/libunpack.so
7f1a225af000-7f1a225b1000 r--p 00015000 fc:01 1978642                    /usr/lib/jvm/java-8-openjdk-amd64/jre/lib/amd64/libunpack.so
7f1a225b1000-7f1a225b2000 rw-p 00017000 fc:01 1978642                    /usr/lib/jvm/java-8-openjdk-amd64/jre/lib/amd64/libunpack.so
7f1a225b2000-7f1a225b3000 rw-p 00000000 00:00 0 
7f1a225b3000-7f1a225c6000 r--s 00346000 fc:01 1978686                    /usr/lib/jvm/java-8-openjdk-amd64/jre/lib/resources.jar
7f1a225c6000-7f1a227c6000 rw-p 00000000 00:00 0 
7f1a227c6000-7f1a227ec000 r--s 00ba1000 fc:01 928921                     /opt/minecraft/mods/巫师艺术-0.11.1.jar
7f1a227ec000-7f1a22806000 r--s 000f9000 fc:01 928918                     /opt/minecraft/mods/匠魂进化-1.12.2-1.0.32.jar
7f1a22806000-7f1a2286b000 r--s 00598000 fc:01 928910                     /opt/minecraft/mods/Shadowfacts' Forgelin-1.8.4.jar
7f1a2286b000-7f1a22a9c000 r--s 024a3000 fc:01 928911                     /opt/minecraft/mods/librarianlib-1.12.2-4.22.jar
7f1a22a9c000-7f1a22c9c000 rw-p 00000000 00:00 0 
7f1a22c9c000-7f1a22c9f000 ---p 00000000 00:00 0 
7f1a22c9f000-7f1a22d9d000 rw-p 00000000 00:00 0 
7f1a22d9d000-7f1a22da0000 ---p 00000000 00:00 0 
7f1a22da0000-7f1a22e9e000 rw-p 00000000 00:00 0 
7f1a22e9e000-7f1a22ea1000 ---p 00000000 00:00 0 
7f1a22ea1000-7f1a230d7000 rw-p 00000000 00:00 0 
7f1a230d7000-7f1a232d7000 rw-p 00000000 00:00 0 
7f1a232d7000-7f1a234d7000 rw-p 00000000 00:00 0 
7f1a234d7000-7f1a234e0000 r-xp 00000000 fc:01 1978634                    /usr/lib/jvm/java-8-openjdk-amd64/jre/lib/amd64/libmanagement.so
7f1a234e0000-7f1a236df000 ---p 00009000 fc:01 1978634                    /usr/lib/jvm/java-8-openjdk-amd64/jre/lib/amd64/libmanagement.so
7f1a236df000-7f1a236e0000 r--p 00008000 fc:01 1978634                    /usr/lib/jvm/java-8-openjdk-amd64/jre/lib/amd64/libmanagement.so
7f1a236e0000-7f1a236e1000 rw-p 00009000 fc:01 1978634                    /usr/lib/jvm/java-8-openjdk-amd64/jre/lib/amd64/libmanagement.so
7f1a236e1000-7f1a238e3000 r--s 01ad1000 fc:01 927881                     /opt/minecraft/minecraft_server.1.12.2.jar
7f1a238e3000-7f1a2392e000 r--s 003e1000 fc:01 1317092                    /opt/minecraft/libraries/org/scala-lang/scala-reflect/2.11.1/scala-reflect-2.11.1.jar
7f1a2392e000-7f1a23a1e000 r--s 00be4000 fc:01 1317085                    /opt/minecraft/libraries/org/scala-lang/scala-compiler/2.11.1/scala-compiler-2.11.1.jar
7f1a23a1e000-7f1a23a35000 r-xp 00000000 fc:01 1978636                    /usr/lib/jvm/java-8-openjdk-amd64/jre/lib/amd64/libnet.so
7f1a23a35000-7f1a23c35000 ---p 00017000 fc:01 1978636                    /usr/lib/jvm/java-8-openjdk-amd64/jre/lib/amd64/libnet.so
7f1a23c35000-7f1a23c36000 r--p 00017000 fc:01 1978636                    /usr/lib/jvm/java-8-openjdk-amd64/jre/lib/amd64/libnet.so
7f1a23c36000-7f1a23c37000 rw-p 00018000 fc:01 1978636                    /usr/lib/jvm/java-8-openjdk-amd64/jre/lib/amd64/libnet.so
7f1a23c37000-7f1a23c49000 r-xp 00000000 fc:01 1978637                    /usr/lib/jvm/java-8-openjdk-amd64/jre/lib/amd64/libnio.so
7f1a23c49000-7f1a23e48000 ---p 00012000 fc:01 1978637                    /usr/lib/jvm/java-8-openjdk-amd64/jre/lib/amd64/libnio.so
7f1a23e48000-7f1a23e49000 r--p 00011000 fc:01 1978637                    /usr/lib/jvm/java-8-openjdk-amd64/jre/lib/amd64/libnio.so
7f1a23e49000-7f1a23e4a000 rw-p 00012000 fc:01 1978637                    /usr/lib/jvm/java-8-openjdk-amd64/jre/lib/amd64/libnio.so
7f1a23e4a000-7f1a23e4e000 r--s 00028000 fc:01 928914                     /opt/minecraft/mods/传送石碑_1.12.2-4.1.0.jar
7f1a23e4e000-7f1a23e52000 r--s 0001d000 fc:01 928908                     /opt/minecraft/mods/minerva-library-1.0.13.jar
7f1a23e52000-7f1a23e58000 r--s 000e2000 fc:01 928931                     /opt/minecraft/mods/更好的动物模型-1.12.2-5.3.0.jar
7f1a23e58000-7f1a23e80000 r--s 00241000 fc:01 1187842                    /opt/minecraft/libraries/net/sf/trove4j/trove4j/3.0.3/trove4j-3.0.3.jar
7f1a23e80000-7f1a23ed9000 r--s 004f0000 fc:01 1317090                    /opt/minecraft/libraries/org/scala-lang/scala-library/2.11.1/scala-library-2.11.1.jar
7f1a23ed9000-7f1a23eff000 r--s 00241000 fc:01 928943                     /opt/minecraft/libraries/com/typesafe/akka/akka-actor_2.11/2.3.3/akka-actor_2.11-2.3.3.jar
7f1a23eff000-7f1a23f00000 ---p 00000000 00:00 0 
7f1a23f00000-7f1a24000000 rw-p 00000000 00:00 0 
7f1a24000000-7f1a24024000 rw-p 00000000 00:00 0 
7f1a24024000-7f1a28000000 ---p 00000000 00:00 0 
7f1a28000000-7f1a2bab4000 rw-p 00000000 00:00 0 
7f1a2bab4000-7f1a2c000000 ---p 00000000 00:00 0 
7f1a2c000000-7f1a2dcef000 rw-p 00000000 00:00 0 
7f1a2dcef000-7f1a30000000 ---p 00000000 00:00 0 
7f1a30000000-7f1a30021000 rw-p 00000000 00:00 0 
7f1a30021000-7f1a34000000 ---p 00000000 00:00 0 
7f1a34000000-7f1a3417a000 rw-p 00000000 00:00 0 
7f1a3417a000-7f1a38000000 ---p 00000000 00:00 0 
7f1a38000000-7f1a38002000 r--s 00006000 fc:01 928920                     /opt/minecraft/mods/多段跳-v1.1.1-1.12.2.jar
7f1a38002000-7f1a38003000 r--s 00004000 fc:01 928932                     /opt/minecraft/mods/极简血条+1.4-17.jar
7f1a38003000-7f1a38006000 r--s 00011000 fc:01 1058713                    /opt/minecraft/libraries/net/sf/jopt-simple/jopt-simple/5.0.3/jopt-simple-5.0.3.jar
7f1a38006000-7f1a38008000 r--s 0000c000 fc:01 1187841                    /opt/minecraft/libraries/org/apache/maven/maven-artifact/3.5.3/maven-artifact-3.5.3.jar
7f1a38008000-7f1a38012000 r--s 00095000 fc:01 1317093                    /opt/minecraft/libraries/org/scala-lang/scala-xml_2.11/1.0.2/scala-xml_2.11-1.0.2.jar
7f1a38012000-7f1a3801d000 r--s 000a7000 fc:01 1317089                    /opt/minecraft/libraries/org/scala-lang/scala-swing_2.11/1.0.1/scala-swing_2.11-1.0.1.jar
7f1a3801d000-7f1a38020000 ---p 00000000 00:00 0 
7f1a38020000-7f1a3811e000 rw-p 00000000 00:00 0 
7f1a3811e000-7f1a3811f000 ---p 00000000 00:00 0 
7f1a3811f000-7f1a38122000 ---p 00000000 00:00 0 
7f1a38122000-7f1a3821f000 rw-p 00000000 00:00 0 
7f1a3821f000-7f1a38220000 ---p 00000000 00:00 0 
7f1a38220000-7f1a38223000 ---p 00000000 00:00 0 
7f1a38223000-7f1a38320000 rw-p 00000000 00:00 0 
7f1a38320000-7f1a38323000 ---p 00000000 00:00 0 
7f1a38323000-7f1a38421000 rw-p 00000000 00:00 0 
7f1a38421000-7f1a386ff000 r--p 00000000 fc:01 660262                     /usr/lib/locale/locale-archive
7f1a386ff000-7f1a38702000 ---p 00000000 00:00 0 
7f1a38702000-7f1a39000000 rw-p 00000000 00:00 0 
7f1a39000000-7f1a3ddd0000 rwxp 00000000 00:00 0 
7f1a3ddd0000-7f1a48000000 ---p 00000000 00:00 0 
7f1a48000000-7f1a48f7c000 rw-p 00000000 00:00 0 
7f1a48f7c000-7f1a4c000000 ---p 00000000 00:00 0 
7f1a4c000000-7f1a4c001000 r--p 00000000 00:00 0 
7f1a4c001000-7f1a4c003000 r--s 0004c000 fc:01 928945                     /opt/minecraft/libraries/java3d/vecmath/1.5.2/vecmath-1.5.2.jar
7f1a4c003000-7f1a4c004000 r--s 00001000 fc:01 928946                     /opt/minecraft/libraries/lzma/lzma/0.0.1/lzma-0.0.1.jar
7f1a4c004000-7f1a4c00f000 r--s 0005c000 fc:01 1317091                    /opt/minecraft/libraries/org/scala-lang/scala-parser-combinators_2.11/1.0.1/scala-parser-combinators_2.11-1.0.1.jar
7f1a4c00f000-7f1a4c014000 r--s 0002e000 fc:01 1317086                    /opt/minecraft/libraries/org/scala-lang/plugins/scala-continuations-plugin_2.11.1/1.0.2_mc/scala-continuations-plugin_2.11.1-1.0.2_mc.jar
7f1a4c014000-7f1a4c016000 r--s 00005000 fc:01 1317087                    /opt/minecraft/libraries/org/scala-lang/plugins/scala-continuations-library_2.11/1.0.2_mc/scala-continuations-library_2.11-1.0.2_mc.jar
7f1a4c016000-7f1a4c018000 r--s 0000d000 fc:01 1317088                    /opt/minecraft/libraries/org/scala-lang/scala-actors-migration_2.11/1.1.0/scala-actors-migration_2.11-1.1.0.jar
7f1a4c018000-7f1a4c01c000 r--s 00032000 fc:01 928944                     /opt/minecraft/libraries/com/typesafe/config/1.2.1/config-1.2.1.jar
7f1a4c01c000-7f1a4c024000 r--s 0008f000 fc:01 1187840                    /opt/minecraft/libraries/org/jline/jline/3.5.1/jline-3.5.1.jar
7f1a4c024000-7f1a4c026000 r--s 00007000 fc:01 1058711                    /opt/minecraft/libraries/net/minecraft/launchwrapper/1.12/launchwrapper-1.12.jar
7f1a4c026000-7f1a4c02b000 r--s 0005a000 fc:01 1187843                    /opt/minecraft/libraries/org/ow2/asm/asm-debug-all/5.2/asm-debug-all-5.2.jar
7f1a4c02b000-7f1a4c030000 r--s 000a7000 fc:01 1978681                    /usr/lib/jvm/java-8-openjdk-amd64/jre/lib/jsse.jar
7f1a4c030000-7f1a4c059000 r--s 00419000 fc:01 927879                     /opt/minecraft/forge-1.12.2-14.23.5.2854.jar
7f1a4c059000-7f1a4c074000 r--s 001d6000 fc:01 1978663                    /usr/lib/jvm/java-8-openjdk-amd64/jre/lib/ext/nashorn.jar
7f1a4c074000-7f1a4c08f000 r--s 00394000 fc:01 1978658                    /usr/lib/jvm/java-8-openjdk-amd64/jre/lib/ext/cldrdata.jar
7f1a4c08f000-7f1a4c092000 ---p 00000000 00:00 0 
7f1a4c092000-7f1a4c190000 rw-p 00000000 00:00 0 
7f1a4c190000-7f1a4c191000 ---p 00000000 00:00 0 
7f1a4c191000-7f1a4c2df000 rw-p 00000000 00:00 0 
7f1a4c2df000-7f1a4c4b1000 r--s 03ca8000 fc:01 1978687                    /usr/lib/jvm/java-8-openjdk-amd64/jre/lib/rt.jar
7f1a4c4b1000-7f1a4cb5c000 rw-p 00000000 00:00 0 
7f1a4cb5c000-7f1a4cc95000 rw-p 00000000 00:00 0 
7f1a4cc95000-7f1a4cf1d000 ---p 00000000 00:00 0 
7f1a4cf1d000-7f1a4cf25000 r-xp 00000000 fc:01 1978644                    /usr/lib/jvm/java-8-openjdk-amd64/jre/lib/amd64/libzip.so
7f1a4cf25000-7f1a4d124000 ---p 00008000 fc:01 1978644                    /usr/lib/jvm/java-8-openjdk-amd64/jre/lib/amd64/libzip.so
7f1a4d124000-7f1a4d125000 r--p 00007000 fc:01 1978644                    /usr/lib/jvm/java-8-openjdk-amd64/jre/lib/amd64/libzip.so
7f1a4d125000-7f1a4d126000 rw-p 00008000 fc:01 1978644                    /usr/lib/jvm/java-8-openjdk-amd64/jre/lib/amd64/libzip.so
7f1a4d126000-7f1a4d131000 r-xp 00000000 fc:01 1442285                    /lib/x86_64-linux-gnu/libnss_files-2.27.so
7f1a4d131000-7f1a4d330000 ---p 0000b000 fc:01 1442285                    /lib/x86_64-linux-gnu/libnss_files-2.27.so
7f1a4d330000-7f1a4d331000 r--p 0000a000 fc:01 1442285                    /lib/x86_64-linux-gnu/libnss_files-2.27.so
7f1a4d331000-7f1a4d332000 rw-p 0000b000 fc:01 1442285                    /lib/x86_64-linux-gnu/libnss_files-2.27.so
7f1a4d332000-7f1a4d338000 rw-p 00000000 00:00 0 
7f1a4d338000-7f1a4d34f000 r-xp 00000000 fc:01 1442279                    /lib/x86_64-linux-gnu/libnsl-2.27.so
7f1a4d34f000-7f1a4d54e000 ---p 00017000 fc:01 1442279                    /lib/x86_64-linux-gnu/libnsl-2.27.so
7f1a4d54e000-7f1a4d54f000 r--p 00016000 fc:01 1442279                    /lib/x86_64-linux-gnu/libnsl-2.27.so
7f1a4d54f000-7f1a4d550000 rw-p 00017000 fc:01 1442279                    /lib/x86_64-linux-gnu/libnsl-2.27.so
7f1a4d550000-7f1a4d552000 rw-p 00000000 00:00 0 
7f1a4d552000-7f1a4d55d000 r-xp 00000000 fc:01 1442289                    /lib/x86_64-linux-gnu/libnss_nis-2.27.so
7f1a4d55d000-7f1a4d75c000 ---p 0000b000 fc:01 1442289                    /lib/x86_64-linux-gnu/libnss_nis-2.27.so
7f1a4d75c000-7f1a4d75d000 r--p 0000a000 fc:01 1442289                    /lib/x86_64-linux-gnu/libnss_nis-2.27.so
7f1a4d75d000-7f1a4d75e000 rw-p 0000b000 fc:01 1442289                    /lib/x86_64-linux-gnu/libnss_nis-2.27.so
7f1a4d75e000-7f1a4d766000 r-xp 00000000 fc:01 1442281                    /lib/x86_64-linux-gnu/libnss_compat-2.27.so
7f1a4d766000-7f1a4d966000 ---p 00008000 fc:01 1442281                    /lib/x86_64-linux-gnu/libnss_compat-2.27.so
7f1a4d966000-7f1a4d967000 r--p 00008000 fc:01 1442281                    /lib/x86_64-linux-gnu/libnss_compat-2.27.so
7f1a4d967000-7f1a4d968000 rw-p 00009000 fc:01 1442281                    /lib/x86_64-linux-gnu/libnss_compat-2.27.so
7f1a4d968000-7f1a4d992000 r-xp 00000000 fc:01 1978625                    /usr/lib/jvm/java-8-openjdk-amd64/jre/lib/amd64/libjava.so
7f1a4d992000-7f1a4db91000 ---p 0002a000 fc:01 1978625                    /usr/lib/jvm/java-8-openjdk-amd64/jre/lib/amd64/libjava.so
7f1a4db91000-7f1a4db92000 r--p 00029000 fc:01 1978625                    /usr/lib/jvm/java-8-openjdk-amd64/jre/lib/amd64/libjava.so
7f1a4db92000-7f1a4db94000 rw-p 0002a000 fc:01 1978625                    /usr/lib/jvm/java-8-openjdk-amd64/jre/lib/amd64/libjava.so
7f1a4db94000-7f1a4dba4000 r-xp 00000000 fc:01 1978643                    /usr/lib/jvm/java-8-openjdk-amd64/jre/lib/amd64/libverify.so
7f1a4dba4000-7f1a4dda3000 ---p 00010000 fc:01 1978643                    /usr/lib/jvm/java-8-openjdk-amd64/jre/lib/amd64/libverify.so
7f1a4dda3000-7f1a4dda5000 r--p 0000f000 fc:01 1978643                    /usr/lib/jvm/java-8-openjdk-amd64/jre/lib/amd64/libverify.so
7f1a4dda5000-7f1a4dda6000 rw-p 00011000 fc:01 1978643                    /usr/lib/jvm/java-8-openjdk-amd64/jre/lib/amd64/libverify.so
7f1a4dda6000-7f1a4ddad000 r-xp 00000000 fc:01 1442311                    /lib/x86_64-linux-gnu/librt-2.27.so
7f1a4ddad000-7f1a4dfac000 ---p 00007000 fc:01 1442311                    /lib/x86_64-linux-gnu/librt-2.27.so
7f1a4dfac000-7f1a4dfad000 r--p 00006000 fc:01 1442311                    /lib/x86_64-linux-gnu/librt-2.27.so
7f1a4dfad000-7f1a4dfae000 rw-p 00007000 fc:01 1442311                    /lib/x86_64-linux-gnu/librt-2.27.so
7f1a4dfae000-7f1a4dfc5000 r-xp 00000000 fc:01 1448847                    /lib/x86_64-linux-gnu/libgcc_s.so.1
7f1a4dfc5000-7f1a4e1c4000 ---p 00017000 fc:01 1448847                    /lib/x86_64-linux-gnu/libgcc_s.so.1
7f1a4e1c4000-7f1a4e1c5000 r--p 00016000 fc:01 1448847                    /lib/x86_64-linux-gnu/libgcc_s.so.1
7f1a4e1c5000-7f1a4e1c6000 rw-p 00017000 fc:01 1448847                    /lib/x86_64-linux-gnu/libgcc_s.so.1
7f1a4e1c6000-7f1a4e363000 r-xp 00000000 fc:01 1442264                    /lib/x86_64-linux-gnu/libm-2.27.so
7f1a4e363000-7f1a4e562000 ---p 0019d000 fc:01 1442264                    /lib/x86_64-linux-gnu/libm-2.27.so
7f1a4e562000-7f1a4e563000 r--p 0019c000 fc:01 1442264                    /lib/x86_64-linux-gnu/libm-2.27.so
7f1a4e563000-7f1a4e564000 rw-p 0019d000 fc:01 1442264                    /lib/x86_64-linux-gnu/libm-2.27.so
7f1a4e564000-7f1a4e6dd000 r-xp 00000000 fc:01 655733                     /usr/lib/x86_64-linux-gnu/libstdc++.so.6.0.25
7f1a4e6dd000-7f1a4e8dd000 ---p 00179000 fc:01 655733                     /usr/lib/x86_64-linux-gnu/libstdc++.so.6.0.25
7f1a4e8dd000-7f1a4e8e7000 r--p 00179000 fc:01 655733                     /usr/lib/x86_64-linux-gnu/libstdc++.so.6.0.25
7f1a4e8e7000-7f1a4e8e9000 rw-p 00183000 fc:01 655733                     /usr/lib/x86_64-linux-gnu/libstdc++.so.6.0.25
7f1a4e8e9000-7f1a4e8ed000 rw-p 00000000 00:00 0 
7f1a4e8ed000-7f1a4f595000 r-xp 00000000 fc:01 1978647                    /usr/lib/jvm/java-8-openjdk-amd64/jre/lib/amd64/server/libjvm.so
7f1a4f595000-7f1a4f795000 ---p 00ca8000 fc:01 1978647                    /usr/lib/jvm/java-8-openjdk-amd64/jre/lib/amd64/server/libjvm.so
7f1a4f795000-7f1a4f829000 r--p 00ca8000 fc:01 1978647                    /usr/lib/jvm/java-8-openjdk-amd64/jre/lib/amd64/server/libjvm.so
7f1a4f829000-7f1a4f852000 rw-p 00d3c000 fc:01 1978647                    /usr/lib/jvm/java-8-openjdk-amd64/jre/lib/amd64/server/libjvm.so
7f1a4f852000-7f1a4f882000 rw-p 00000000 00:00 0 
7f1a4f882000-7f1a4f89c000 r-xp 00000000 fc:01 1442305                    /lib/x86_64-linux-gnu/libpthread-2.27.so
7f1a4f89c000-7f1a4fa9b000 ---p 0001a000 fc:01 1442305                    /lib/x86_64-linux-gnu/libpthread-2.27.so
7f1a4fa9b000-7f1a4fa9c000 r--p 00019000 fc:01 1442305                    /lib/x86_64-linux-gnu/libpthread-2.27.so
7f1a4fa9c000-7f1a4fa9d000 rw-p 0001a000 fc:01 1442305                    /lib/x86_64-linux-gnu/libpthread-2.27.so
7f1a4fa9d000-7f1a4faa1000 rw-p 00000000 00:00 0 
7f1a4faa1000-7f1a4faa4000 r-xp 00000000 fc:01 1442235                    /lib/x86_64-linux-gnu/libdl-2.27.so
7f1a4faa4000-7f1a4fca3000 ---p 00003000 fc:01 1442235                    /lib/x86_64-linux-gnu/libdl-2.27.so
7f1a4fca3000-7f1a4fca4000 r--p 00002000 fc:01 1442235                    /lib/x86_64-linux-gnu/libdl-2.27.so
7f1a4fca4000-7f1a4fca5000 rw-p 00003000 fc:01 1442235                    /lib/x86_64-linux-gnu/libdl-2.27.so
7f1a4fca5000-7f1a4fcc1000 r-xp 00000000 fc:01 1442336                    /lib/x86_64-linux-gnu/libz.so.1.2.11
7f1a4fcc1000-7f1a4fec0000 ---p 0001c000 fc:01 1442336                    /lib/x86_64-linux-gnu/libz.so.1.2.11
7f1a4fec0000-7f1a4fec1000 r--p 0001b000 fc:01 1442336                    /lib/x86_64-linux-gnu/libz.so.1.2.11
7f1a4fec1000-7f1a4fec2000 rw-p 0001c000 fc:01 1442336                    /lib/x86_64-linux-gnu/libz.so.1.2.11
7f1a4fec2000-7f1a500a9000 r-xp 00000000 fc:01 1442218                    /lib/x86_64-linux-gnu/libc-2.27.so
7f1a500a9000-7f1a502a9000 ---p 001e7000 fc:01 1442218                    /lib/x86_64-linux-gnu/libc-2.27.so
7f1a502a9000-7f1a502ad000 r--p 001e7000 fc:01 1442218                    /lib/x86_64-linux-gnu/libc-2.27.so
7f1a502ad000-7f1a502af000 rw-p 001eb000 fc:01 1442218                    /lib/x86_64-linux-gnu/libc-2.27.so
7f1a502af000-7f1a502b3000 rw-p 00000000 00:00 0 
7f1a502b3000-7f1a502c1000 r-xp 00000000 fc:01 1978611                    /usr/lib/jvm/java-8-openjdk-amd64/jre/lib/amd64/jli/libjli.so
7f1a502c1000-7f1a504c0000 ---p 0000e000 fc:01 1978611                    /usr/lib/jvm/java-8-openjdk-amd64/jre/lib/amd64/jli/libjli.so
7f1a504c0000-7f1a504c1000 r--p 0000d000 fc:01 1978611                    /usr/lib/jvm/java-8-openjdk-amd64/jre/lib/amd64/jli/libjli.so
7f1a504c1000-7f1a504c2000 rw-p 0000e000 fc:01 1978611                    /usr/lib/jvm/java-8-openjdk-amd64/jre/lib/amd64/jli/libjli.so
7f1a504c2000-7f1a504e9000 r-xp 00000000 fc:01 1442194                    /lib/x86_64-linux-gnu/ld-2.27.so
7f1a504e9000-7f1a504eb000 r--s 00016000 fc:01 1978679                    /usr/lib/jvm/java-8-openjdk-amd64/jre/lib/jce.jar
7f1a504eb000-7f1a504f1000 r--s 0003d000 fc:01 1978665                    /usr/lib/jvm/java-8-openjdk-amd64/jre/lib/ext/sunjce_provider.jar
7f1a504f1000-7f1a504fb000 r--s 00117000 fc:01 1978662                    /usr/lib/jvm/java-8-openjdk-amd64/jre/lib/ext/localedata.jar
7f1a504fb000-7f1a504fc000 r--s 00010000 fc:01 1978667                    /usr/lib/jvm/java-8-openjdk-amd64/jre/lib/ext/zipfs.jar
7f1a504fc000-7f1a504fe000 r--s 00001000 fc:01 1978659                    /usr/lib/jvm/java-8-openjdk-amd64/jre/lib/ext/dnsns.jar
7f1a504fe000-7f1a50502000 r--s 0003a000 fc:01 1978666                    /usr/lib/jvm/java-8-openjdk-amd64/jre/lib/ext/sunpkcs11.jar
7f1a50502000-7f1a505d3000 rw-p 00000000 00:00 0 
7f1a505d3000-7f1a505db000 rw-s 00000000 fc:01 2228241                    /tmp/hsperfdata_root/10215
7f1a505db000-7f1a505dc000 ---p 00000000 00:00 0 
7f1a505dc000-7f1a505df000 ---p 00000000 00:00 0 
7f1a505df000-7f1a506de000 rw-p 00000000 00:00 0 
7f1a506de000-7f1a506df000 r--s 0000a000 fc:01 1978661                    /usr/lib/jvm/java-8-openjdk-amd64/jre/lib/ext/jaccess.jar
7f1a506df000-7f1a506e1000 r--s 00007000 fc:01 1842517                    /usr/share/java/java-atk-wrapper.jar
7f1a506e1000-7f1a506e4000 r--s 0000f000 fc:01 1978660                    /usr/lib/jvm/java-8-openjdk-amd64/jre/lib/ext/icedtea-sound.jar
7f1a506e4000-7f1a506e5000 r--s 0000d000 fc:01 1978664                    /usr/lib/jvm/java-8-openjdk-amd64/jre/lib/ext/sunec.jar
7f1a506e5000-7f1a506e6000 rw-p 00000000 00:00 0 
7f1a506e6000-7f1a506e7000 r--p 00000000 00:00 0 
7f1a506e7000-7f1a506e9000 rw-p 00000000 00:00 0 
7f1a506e9000-7f1a506ea000 r--p 00027000 fc:01 1442194                    /lib/x86_64-linux-gnu/ld-2.27.so
7f1a506ea000-7f1a506eb000 rw-p 00028000 fc:01 1442194                    /lib/x86_64-linux-gnu/ld-2.27.so
7f1a506eb000-7f1a506ec000 rw-p 00000000 00:00 0 
7ffde8a53000-7ffde8a74000 rw-p 00000000 00:00 0                          [stack]
7ffde8a8c000-7ffde8a8f000 r--p 00000000 00:00 0                          [vvar]
7ffde8a8f000-7ffde8a91000 r-xp 00000000 00:00 0                          [vdso]
ffffffffff600000-ffffffffff601000 r-xp 00000000 00:00 0                  [vsyscall]

VM Arguments:
jvm_args: -Xms1024M -Xms2048M 
java_command: forge-1.12.2-14.23.5.2854.jar
java_class_path (initial): forge-1.12.2-14.23.5.2854.jar
Launcher Type: SUN_STANDARD

Environment Variables:
PATH=/usr/local/sbin:/usr/local/bin:/usr/sbin:/usr/bin:/sbin:/bin:/usr/games:/usr/local/games:/snap/bin
SHELL=/bin/bash

Signal Handlers:
SIGSEGV: [libjvm.so+0xabb430], sa_mask[0]=11111111011111111101111111111110, sa_flags=SA_RESTART|SA_SIGINFO
SIGBUS: [libjvm.so+0xabb430], sa_mask[0]=11111111011111111101111111111110, sa_flags=SA_RESTART|SA_SIGINFO
SIGFPE: [libjvm.so+0x8eb5b0], sa_mask[0]=11111111011111111101111111111110, sa_flags=SA_RESTART|SA_SIGINFO
SIGPIPE: [libjvm.so+0x8eb5b0], sa_mask[0]=11111111011111111101111111111110, sa_flags=SA_RESTART|SA_SIGINFO
SIGXFSZ: [libjvm.so+0x8eb5b0], sa_mask[0]=11111111011111111101111111111110, sa_flags=SA_RESTART|SA_SIGINFO
SIGILL: [libjvm.so+0x8eb5b0], sa_mask[0]=11111111011111111101111111111110, sa_flags=SA_RESTART|SA_SIGINFO
SIGUSR1: SIG_DFL, sa_mask[0]=00000000000000000000000000000000, sa_flags=none
SIGUSR2: [libjvm.so+0x8eb460], sa_mask[0]=00000000000000000000000000000000, sa_flags=SA_RESTART|SA_SIGINFO
SIGHUP: [libjvm.so+0x8ebad0], sa_mask[0]=11111111011111111101111111111110, sa_flags=SA_RESTART|SA_SIGINFO
SIGINT: [libjvm.so+0x8ebad0], sa_mask[0]=11111111011111111101111111111110, sa_flags=SA_RESTART|SA_SIGINFO
SIGTERM: [libjvm.so+0x8ebad0], sa_mask[0]=11111111011111111101111111111110, sa_flags=SA_RESTART|SA_SIGINFO
SIGQUIT: [libjvm.so+0x8ebad0], sa_mask[0]=11111111011111111101111111111110, sa_flags=SA_RESTART|SA_SIGINFO


---------------  S Y S T E M  ---------------

OS:DISTRIB_ID=Ubuntu
DISTRIB_RELEASE=18.04
DISTRIB_CODENAME=bionic
DISTRIB_DESCRIPTION="Ubuntu 18.04.4 LTS"

uname:Linux 4.15.0-91-generic #92-Ubuntu SMP Fri Feb 28 11:09:48 UTC 2020 x86_64
libc:glibc 2.27 NPTL 2.27 
rlimit: STACK 8192k, CORE 0k, NPROC 7724, NOFILE 65535, AS infinity
load average:9.07 5.00 2.14

/proc/meminfo:
MemTotal:        2040548 kB
MemFree:           53024 kB
MemAvailable:          0 kB
Buffers:             188 kB
Cached:            10128 kB
SwapCached:            0 kB
Active:          1893212 kB
Inactive:           8024 kB
Active(anon):    1891744 kB
Inactive(anon):     5796 kB
Active(file):       1468 kB
Inactive(file):     2228 kB
Unevictable:           0 kB
Mlocked:               0 kB
SwapTotal:             0 kB
SwapFree:              0 kB
Dirty:                12 kB
Writeback:             0 kB
AnonPages:       1890936 kB
Mapped:             2448 kB
Shmem:              6604 kB
Slab:              51664 kB
SReclaimable:      18228 kB
SUnreclaim:        33436 kB
KernelStack:        2464 kB
PageTables:         9064 kB
NFS_Unstable:          0 kB
Bounce:                0 kB
WritebackTmp:          0 kB
CommitLimit:     1020272 kB
Committed_AS:    2857820 kB
VmallocTotal:   34359738367 kB
VmallocUsed:           0 kB
VmallocChunk:          0 kB
HardwareCorrupted:     0 kB
AnonHugePages:         0 kB
ShmemHugePages:        0 kB
ShmemPmdMapped:        0 kB
CmaTotal:              0 kB
CmaFree:               0 kB
HugePages_Total:       0
HugePages_Free:        0
HugePages_Rsvd:        0
HugePages_Surp:        0
Hugepagesize:       2048 kB
DirectMap4k:       85504 kB
DirectMap2M:     2011136 kB
DirectMap1G:           0 kB

container (cgroup) information:
container_type: cgroupv1
cpu_cpuset_cpus: 0
cpu_memory_nodes: 0
active_processor_count: 1
cpu_quota: -1
cpu_period: 100000
cpu_shares: -1
memory_limit_in_bytes: -1
memory_and_swap_limit_in_bytes: -2
memory_soft_limit_in_bytes: -1
memory_usage_in_bytes: 1851432960
memory_max_usage_in_bytes: 1861881856


CPU:total 1 (initial active 1) (1 cores per cpu, 1 threads per core) family 6 model 85 stepping 4, cmov, cx8, fxsr, mmx, sse, sse2, sse3, ssse3, sse4.1, sse4.2, popcnt, avx, avx2, aes, clmul, erms, rtm, 3dnowpref, lzcnt, tsc, tscinvbit, bmi1, bmi2, adx

/proc/cpuinfo:
processor	: 0
vendor_id	: GenuineIntel
cpu family	: 6
model		: 85
model name	: Intel(R) Xeon(R) Gold 6161 CPU @ 2.20GHz
stepping	: 4
microcode	: 0x1
cpu MHz		: 2200.000
cache size	: 30976 KB
physical id	: 0
siblings	: 1
core id		: 0
cpu cores	: 1
apicid		: 0
initial apicid	: 0
fpu		: yes
fpu_exception	: yes
cpuid level	: 13
wp		: yes
flags		: fpu vme de pse tsc msr pae mce cx8 apic sep mtrr pge mca cmov pat pse36 clflush mmx fxsr sse sse2 ss syscall nx pdpe1gb rdtscp lm constant_tsc rep_good nopl xtopology nonstop_tsc cpuid tsc_known_freq pni pclmulqdq ssse3 fma cx16 pcid sse4_1 sse4_2 x2apic movbe popcnt tsc_deadline_timer aes xsave avx f16c rdrand hypervisor lahf_lm abm 3dnowprefetch invpcid_single ssbd ibrs ibpb stibp fsgsbase tsc_adjust bmi1 hle avx2 smep bmi2 erms invpcid rtm mpx avx512f avx512dq rdseed adx smap clflushopt clwb avx512cd avx512bw avx512vl xsaveopt xsavec xgetbv1 arat md_clear flush_l1d
bugs		: cpu_meltdown spectre_v1 spectre_v2 spec_store_bypass l1tf mds swapgs taa itlb_multihit
bogomips	: 4400.00
clflush size	: 64
cache_alignment	: 64
address sizes	: 42 bits physical, 48 bits virtual
power management:



Memory: 4k page, physical 2040548k(53636k free), swap 0k(0k free)

vm_info: OpenJDK 64-Bit Server VM (25.265-b01) for linux-amd64 JRE (1.8.0_265-8u265-b01-0ubuntu2~18.04-b01), built on Aug  3 2020 01:16:56 by "buildd" with gcc 7.5.0

time: Fri Sep 18 12:09:31 2020
timezone: CST
elapsed time: 168208 seconds (1d 22h 43m 28s)

