#
# There is insufficient memory for the Java Runtime Environment to continue.
# Native memory allocation (mmap) failed to map 262144 bytes for committing reserved memory.
# Possible reasons:
#   The system is out of physical RAM or swap space
#   The process is running with CompressedOops enabled, and the Java Heap may be blocking the growth of the native heap
# Possible solutions:
#   Reduce memory load on the system
#   Increase physical memory or swap space
#   Check if swap backing store is full
#   Decrease Java heap size (-Xmx/-Xms)
#   Decrease number of Java threads
#   Decrease Java thread stack sizes (-Xss)
#   Set larger code cache with -XX:ReservedCodeCacheSize=
#   JVM is running with Unscaled Compressed Oops mode in which the Java heap is
#     placed in the first 4GB address space. The Java Heap base address is the
#     maximum limit for the native heap growth. Please use -XX:HeapBaseMinAddress
#     to set the Java Heap base and to place the Java Heap above 4GB virtual address.
# This output file may be truncated or incomplete.
#
#  Out of Memory Error (os_linux.cpp:2792), pid=25744, tid=0x00007fa591b45700
#
# JRE version: OpenJDK Runtime Environment (8.0_265-b01) (build 1.8.0_265-8u265-b01-0ubuntu2~18.04-b01)
# Java VM: OpenJDK 64-Bit Server VM (25.265-b01 mixed mode linux-amd64 compressed oops)
# Failed to write core dump. Core dumps have been disabled. To enable core dumping, try "ulimit -c unlimited" before starting Java again
#

---------------  T H R E A D  ---------------

Current thread (0x00007fa5a9a62000):  JavaThread "Server Watchdog" daemon [_thread_in_vm, id=26590, stack(0x00007fa591a45000,0x00007fa591b46000)]

Stack: [0x00007fa591a45000,0x00007fa591b46000],  sp=0x00007fa591b42530,  free space=1013k
Native frames: (J=compiled Java code, j=interpreted, Vv=VM code, C=native code)
V  [libjvm.so+0xabaae2]
V  [libjvm.so+0x4de3f7]
V  [libjvm.so+0x8f0560]
V  [libjvm.so+0x8e74be]
V  [libjvm.so+0xab7300]
V  [libjvm.so+0x864b44]
V  [libjvm.so+0x86a299]
V  [libjvm.so+0x86be4f]
V  [libjvm.so+0x86c74b]
V  [libjvm.so+0x86d1c5]
V  [libjvm.so+0x4d9fa4]
V  [libjvm.so+0x4374f9]
V  [libjvm.so+0x4388c7]
V  [libjvm.so+0xa24558]
V  [libjvm.so+0x6c609f]
V  [libjvm.so+0x6c7a0a]  JVM_DefineClass+0x8a
V  [libjvm.so+0xa7dd2b]
V  [libjvm.so+0xa8717b]
j  sun.misc.Unsafe.defineClass(Ljava/lang/String;[BIILjava/lang/ClassLoader;Ljava/security/ProtectionDomain;)Ljava/lang/Class;+0
j  sun.reflect.ClassDefiner.defineClass(Ljava/lang/String;[BIILjava/lang/ClassLoader;)Ljava/lang/Class;+27
j  sun.reflect.MethodAccessorGenerator$1.run()Lsun/reflect/MagicAccessorImpl;+21
j  sun.reflect.MethodAccessorGenerator$1.run()Ljava/lang/Object;+1
v  ~StubRoutines::call_stub
V  [libjvm.so+0x680d0a]
V  [libjvm.so+0x6d62c0]  JVM_DoPrivileged+0x550
J 655  java.security.AccessController.doPrivileged(Ljava/security/PrivilegedAction;)Ljava/lang/Object; (0 bytes) @ 0x00007fa5b52c2d3f [0x00007fa5b52c2c80+0xbf]
j  sun.reflect.MethodAccessorGenerator.generate(Ljava/lang/Class;Ljava/lang/String;[Ljava/lang/Class;Ljava/lang/Class;[Ljava/lang/Class;IZZLjava/lang/Class;)Lsun/reflect/MagicAccessorImpl;+755
j  sun.reflect.MethodAccessorGenerator.generateConstructor(Ljava/lang/Class;[Ljava/lang/Class;[Ljava/lang/Class;I)Lsun/reflect/ConstructorAccessor;+14
J 23699 C2 sun.reflect.NativeConstructorAccessorImpl.newInstance([Ljava/lang/Object;)Ljava/lang/Object; (89 bytes) @ 0x00007fa5b7132624 [0x00007fa5b7132380+0x2a4]
J 8355 C2 java.lang.reflect.Constructor.newInstance([Ljava/lang/Object;)Ljava/lang/Object; (87 bytes) @ 0x00007fa5b653b6e0 [0x00007fa5b653b620+0xc0]
J 2686 C1 java.security.Provider$Service.newInstance(Ljava/lang/Object;)Ljava/lang/Object; (416 bytes) @ 0x00007fa5b59c41e2 [0x00007fa5b59c3a40+0x7a2]
J 32954 C1 sun.security.jca.GetInstance.getInstance(Ljava/lang/String;Ljava/lang/Class;Ljava/lang/String;)Lsun/security/jca/GetInstance$Instance; (130 bytes) @ 0x00007fa5b5290156 [0x00007fa5b528fca0+0x4b6]
j  java.security.Security.getImpl(Ljava/lang/String;Ljava/lang/String;Ljava/lang/String;)[Ljava/lang/Object;+10
j  java.security.MessageDigest.getInstance(Ljava/lang/String;)Ljava/security/MessageDigest;+7
j  net.minecraftforge.fml.common.CertificateHelper.getFingerprint(Ljava/security/cert/Certificate;)Ljava/lang/String;+9
j  net.minecraftforge.fml.common.LoadController.printModStates(Ljava/lang/StringBuilder;)V+263
j  net.minecraftforge.fml.common.Loader.getCrashInformation()Ljava/lang/String;+53
j  net.minecraftforge.fml.common.Loader$1.call()Ljava/lang/String;+4
j  net.minecraftforge.fml.common.Loader$1.call()Ljava/lang/Object;+1
j  net.minecraft.crash.CrashReportCategory.func_189529_a(Ljava/lang/String;Lnet/minecraft/crash/ICrashReportDetail;)V+3
j  net.minecraftforge.fml.common.FMLCommonHandler.enhanceCrashReport(Lnet/minecraft/crash/CrashReport;Lnet/minecraft/crash/CrashReportCategory;)V+40
j  net.minecraft.crash.CrashReport.func_71504_g()V+127
j  net.minecraft.crash.CrashReport.<init>(Ljava/lang/String;Ljava/lang/Throwable;)V+49
j  net.minecraft.server.dedicated.ServerHangWatchdog.run()V+235
j  java.lang.Thread.run()V+11
v  ~StubRoutines::call_stub
V  [libjvm.so+0x680d0a]
V  [libjvm.so+0x67e2eb]
V  [libjvm.so+0x67e8d7]
V  [libjvm.so+0x6c56db]
V  [libjvm.so+0xa5726f]
V  [libjvm.so+0xa583f2]
V  [libjvm.so+0x8ed782]
C  [libpthread.so.0+0x76db]  start_thread+0xdb

Java frames: (J=compiled Java code, j=interpreted, Vv=VM code)
j  sun.misc.Unsafe.defineClass(Ljava/lang/String;[BIILjava/lang/ClassLoader;Ljava/security/ProtectionDomain;)Ljava/lang/Class;+0
j  sun.reflect.ClassDefiner.defineClass(Ljava/lang/String;[BIILjava/lang/ClassLoader;)Ljava/lang/Class;+27
j  sun.reflect.MethodAccessorGenerator$1.run()Lsun/reflect/MagicAccessorImpl;+21
j  sun.reflect.MethodAccessorGenerator$1.run()Ljava/lang/Object;+1
v  ~StubRoutines::call_stub
J 655  java.security.AccessController.doPrivileged(Ljava/security/PrivilegedAction;)Ljava/lang/Object; (0 bytes) @ 0x00007fa5b52c2ccf [0x00007fa5b52c2c80+0x4f]
j  sun.reflect.MethodAccessorGenerator.generate(Ljava/lang/Class;Ljava/lang/String;[Ljava/lang/Class;Ljava/lang/Class;[Ljava/lang/Class;IZZLjava/lang/Class;)Lsun/reflect/MagicAccessorImpl;+755
j  sun.reflect.MethodAccessorGenerator.generateConstructor(Ljava/lang/Class;[Ljava/lang/Class;[Ljava/lang/Class;I)Lsun/reflect/ConstructorAccessor;+14
J 23699 C2 sun.reflect.NativeConstructorAccessorImpl.newInstance([Ljava/lang/Object;)Ljava/lang/Object; (89 bytes) @ 0x00007fa5b7132624 [0x00007fa5b7132380+0x2a4]
J 8355 C2 java.lang.reflect.Constructor.newInstance([Ljava/lang/Object;)Ljava/lang/Object; (87 bytes) @ 0x00007fa5b653b6e0 [0x00007fa5b653b620+0xc0]
J 2686 C1 java.security.Provider$Service.newInstance(Ljava/lang/Object;)Ljava/lang/Object; (416 bytes) @ 0x00007fa5b59c41e2 [0x00007fa5b59c3a40+0x7a2]
J 32954 C1 sun.security.jca.GetInstance.getInstance(Ljava/lang/String;Ljava/lang/Class;Ljava/lang/String;)Lsun/security/jca/GetInstance$Instance; (130 bytes) @ 0x00007fa5b5290156 [0x00007fa5b528fca0+0x4b6]
j  java.security.Security.getImpl(Ljava/lang/String;Ljava/lang/String;Ljava/lang/String;)[Ljava/lang/Object;+10
j  java.security.MessageDigest.getInstance(Ljava/lang/String;)Ljava/security/MessageDigest;+7
j  net.minecraftforge.fml.common.CertificateHelper.getFingerprint(Ljava/security/cert/Certificate;)Ljava/lang/String;+9
j  net.minecraftforge.fml.common.LoadController.printModStates(Ljava/lang/StringBuilder;)V+263
j  net.minecraftforge.fml.common.Loader.getCrashInformation()Ljava/lang/String;+53
j  net.minecraftforge.fml.common.Loader$1.call()Ljava/lang/String;+4
j  net.minecraftforge.fml.common.Loader$1.call()Ljava/lang/Object;+1
j  net.minecraft.crash.CrashReportCategory.func_189529_a(Ljava/lang/String;Lnet/minecraft/crash/ICrashReportDetail;)V+3
j  net.minecraftforge.fml.common.FMLCommonHandler.enhanceCrashReport(Lnet/minecraft/crash/CrashReport;Lnet/minecraft/crash/CrashReportCategory;)V+40
j  net.minecraft.crash.CrashReport.func_71504_g()V+127
j  net.minecraft.crash.CrashReport.<init>(Ljava/lang/String;Ljava/lang/Throwable;)V+49
j  net.minecraft.server.dedicated.ServerHangWatchdog.run()V+235
j  java.lang.Thread.run()V+11
v  ~StubRoutines::call_stub

---------------  P R O C E S S  ---------------

Java Threads: ( => current thread )
  0x00007fa5a9c31000 JavaThread "pool-4-thread-1" [_thread_blocked, id=1770, stack(0x00007fa58df3e000,0x00007fa58e03f000)]
  0x00007fa5a9b92000 JavaThread "Chunk I/O Executor Thread-1" daemon [_thread_blocked, id=1768, stack(0x00007fa58e140000,0x00007fa58e241000)]
  0x00007fa5b0067000 JavaThread "threadDeathWatcher-2-1" daemon [_thread_blocked, id=1767, stack(0x00007fa590243000,0x00007fa590344000)]
  0x00007fa5c40ff800 JavaThread "Netty Epoll Server IO #1" daemon [_thread_in_native, id=1766, stack(0x00007fa593653000,0x00007fa593754000)]
  0x00007fa5a9c10000 JavaThread "File IO Thread" [_thread_in_vm, id=26628, stack(0x00007fa591944000,0x00007fa591a45000)]
=>0x00007fa5a9a62000 JavaThread "Server Watchdog" daemon [_thread_in_vm, id=26590, stack(0x00007fa591a45000,0x00007fa591b46000)]
  0x00007fa5a9682800 JavaThread "Netty Epoll Server IO #0" daemon [_thread_in_vm, id=26369, stack(0x00007fa593352000,0x00007fa593453000)]
  0x00007fa5a908d000 JavaThread "Timer-0" [_thread_blocked, id=26231, stack(0x00007fa59575c000,0x00007fa59585d000)]
  0x00007fa5b0150800 JavaThread "JLine terminal non blocking reader thread" daemon [_thread_in_native, id=25952, stack(0x00007fa595a64000,0x00007fa595b65000)]
  0x00007fa5a8007000 JavaThread "Server console handler" daemon [_thread_blocked, id=25946, stack(0x00007fa595d65000,0x00007fa595e66000)]
  0x00007fa5c400b000 JavaThread "DestroyJavaVM" [_thread_blocked, id=25745, stack(0x00007fa5ccb98000,0x00007fa5ccc98000)]
  0x00007fa5c4f91000 JavaThread "Server thread" [_thread_in_vm, id=25945, stack(0x00007fa595e66000,0x00007fa595f67000)]
  0x00007fa5c4f8c800 JavaThread "Server Infinisleeper" daemon [_thread_blocked, id=25944, stack(0x00007fa595f67000,0x00007fa596068000)]
  0x00007fa5c4f6a000 JavaThread "Snooper Timer" daemon [_thread_blocked, id=25943, stack(0x00007fa597357000,0x00007fa597458000)]
  0x00007fa5c40f5800 JavaThread "Service Thread" daemon [_thread_blocked, id=25752, stack(0x00007fa5b461b000,0x00007fa5b471c000)]
  0x00007fa5c40d8800 JavaThread "C1 CompilerThread1" daemon [_thread_in_native, id=25751, stack(0x00007fa5b471d000,0x00007fa5b481d000)]
  0x00007fa5c40d6800 JavaThread "C2 CompilerThread0" daemon [_thread_in_native, id=25750, stack(0x00007fa5b481e000,0x00007fa5b491e000)]
  0x00007fa5c40d5000 JavaThread "Signal Dispatcher" daemon [_thread_blocked, id=25749, stack(0x00007fa5b491e000,0x00007fa5b4a1f000)]
  0x00007fa5c40a4800 JavaThread "Finalizer" daemon [_thread_blocked, id=25748, stack(0x00007fa5b4cfd000,0x00007fa5b4dfe000)]
  0x00007fa5c40a0000 JavaThread "Reference Handler" daemon [_thread_blocked, id=25747, stack(0x00007fa5b4dfe000,0x00007fa5b4eff000)]

Other Threads:
  0x00007fa5c4096800 VMThread [stack: 0x00007fa5b4f00000,0x00007fa5b5000000] [id=25746]
  0x00007fa5c40f8800 WatcherThread [stack: 0x00007fa5b451b000,0x00007fa5b461b000] [id=25753]

VM state:not at safepoint (normal execution)

VM Mutex/Monitor currently owned by a thread: None

heap address: 0x0000000080000000, size: 2048 MB, Compressed Oops mode: 32-bit
Narrow klass base: 0x0000000000000000, Narrow klass shift: 3
Compressed class space size: 1073741824 Address: 0x0000000100000000

Heap:
 def new generation   total 629120K, used 267162K [0x0000000080000000, 0x00000000aaaa0000, 0x00000000aaaa0000)
  eden space 559232K,  44% used [0x0000000080000000, 0x000000008f523528, 0x00000000a2220000)
  from space 69888K,  23% used [0x00000000a6660000, 0x00000000a763b820, 0x00000000aaaa0000)
  to   space 69888K,   0% used [0x00000000a2220000, 0x00000000a2220000, 0x00000000a6660000)
 tenured generation   total 1398144K, used 747070K [0x00000000aaaa0000, 0x0000000100000000, 0x0000000100000000)
   the space 1398144K,  53% used [0x00000000aaaa0000, 0x00000000d842f948, 0x00000000d842fa00, 0x0000000100000000)
 Metaspace       used 121410K, capacity 125794K, committed 125888K, reserved 1157120K
  class space    used 18200K, capacity 19339K, committed 19432K, reserved 1048576K

Card table byte_map: [0x00007fa5c8d18000,0x00007fa5c9119000] byte_map_base: 0x00007fa5c8918000

Polling page: 0x00007fa5ccca2000

CodeCache: size=245760Kb used=82815Kb max_used=82911Kb free=162944Kb
 bounds [0x00007fa5b5000000, 0x00007fa5ba1a0000, 0x00007fa5c4000000]
 total_blobs=20598 nmethods=19511 adapters=997
 compilation: enabled

Compilation events (10 events):
Event: 27187.731 Thread 0x00007fa5c40d8800 nmethod 33223 0x00007fa5b9ec3d90 code [0x00007fa5b9ec3f00, 0x00007fa5b9ec40d0]
Event: 27200.395 Thread 0x00007fa5c40d8800 33224       1       net.minecraft.world.gen.structure.StructureNetherBridgePieces$Piece::func_143011_b (1 bytes)
Event: 27201.474 Thread 0x00007fa5c40d8800 nmethod 33224 0x00007fa5b754ec10 code [0x00007fa5b754ed60, 0x00007fa5b754ee70]
Event: 27202.420 Thread 0x00007fa5c40d8800 33225       3       net.minecraft.world.gen.structure.StructureNetherBridgePieces$Straight::<init> (5 bytes)
Event: 27207.314 Thread 0x00007fa5c40d8800 nmethod 33225 0x00007fa5b7b7c790 code [0x00007fa5b7b7c900, 0x00007fa5b7b7cb70]
Event: 27207.661 Thread 0x00007fa5c40d8800 33226   !   3       sun.reflect.GeneratedConstructorAccessor172::newInstance (49 bytes)
Event: 27212.722 Thread 0x00007fa5c40d8800 nmethod 33226 0x00007fa5b70c5910 code [0x00007fa5b70c5ae0, 0x00007fa5b70c6020]
Event: 27280.384 Thread 0x00007fa5c40d8800 33233       2       io.netty.buffer.UnpooledUnsafeDirectByteBuf::nioBuffer (30 bytes)
Event: 27291.793 Thread 0x00007fa5c40d8800 nmethod 33233 0x00007fa5b8a18950 code [0x00007fa5b8a18b20, 0x00007fa5b8a18e38]
Event: 27292.858 Thread 0x00007fa5c40d8800 33234       2       net.minecraftforge.fml.common.network.internal.NetworkModHolder$DefaultNetworkChecker::checkCompatible (189 bytes)

GC Heap History (10 events):
Event: 26994.093 GC heap before
{Heap before GC invocations=650 (full 4):
 def new generation   total 629120K, used 566508K [0x0000000080000000, 0x00000000aaaa0000, 0x00000000aaaa0000)
  eden space 559232K, 100% used [0x0000000080000000, 0x00000000a2220000, 0x00000000a2220000)
  from space 69888K,  10% used [0x00000000a2220000, 0x00000000a293b078, 0x00000000a6660000)
  to   space 69888K,   0% used [0x00000000a6660000, 0x00000000a6660000, 0x00000000aaaa0000)
 tenured generation   total 1398144K, used 745499K [0x00000000aaaa0000, 0x0000000100000000, 0x0000000100000000)
   the space 1398144K,  53% used [0x00000000aaaa0000, 0x00000000d82a6fb8, 0x00000000d82a7000, 0x0000000100000000)
 Metaspace       used 121357K, capacity 125746K, committed 125888K, reserved 1155072K
  class space    used 18192K, capacity 19329K, committed 19432K, reserved 1048576K
Event: 26994.883 GC heap after
Heap after GC invocations=651 (full 4):
 def new generation   total 629120K, used 7972K [0x0000000080000000, 0x00000000aaaa0000, 0x00000000aaaa0000)
  eden space 559232K,   0% used [0x0000000080000000, 0x0000000080000000, 0x00000000a2220000)
  from space 69888K,  11% used [0x00000000a6660000, 0x00000000a6e29098, 0x00000000aaaa0000)
  to   space 69888K,   0% used [0x00000000a2220000, 0x00000000a2220000, 0x00000000a6660000)
 tenured generation   total 1398144K, used 745539K [0x00000000aaaa0000, 0x0000000100000000, 0x0000000100000000)
   the space 1398144K,  53% used [0x00000000aaaa0000, 0x00000000d82b0f68, 0x00000000d82b1000, 0x0000000100000000)
 Metaspace       used 121357K, capacity 125746K, committed 125888K, reserved 1155072K
  class space    used 18192K, capacity 19329K, committed 19432K, reserved 1048576K
}
Event: 27034.785 GC heap before
{Heap before GC invocations=651 (full 4):
 def new generation   total 629120K, used 567204K [0x0000000080000000, 0x00000000aaaa0000, 0x00000000aaaa0000)
  eden space 559232K, 100% used [0x0000000080000000, 0x00000000a2220000, 0x00000000a2220000)
  from space 69888K,  11% used [0x00000000a6660000, 0x00000000a6e29098, 0x00000000aaaa0000)
  to   space 69888K,   0% used [0x00000000a2220000, 0x00000000a2220000, 0x00000000a6660000)
 tenured generation   total 1398144K, used 745539K [0x00000000aaaa0000, 0x0000000100000000, 0x0000000100000000)
   the space 1398144K,  53% used [0x00000000aaaa0000, 0x00000000d82b0f68, 0x00000000d82b1000, 0x0000000100000000)
 Metaspace       used 121358K, capacity 125746K, committed 125888K, reserved 1155072K
  class space    used 18192K, capacity 19329K, committed 19432K, reserved 1048576K
Event: 27035.406 GC heap after
Heap after GC invocations=652 (full 4):
 def new generation   total 629120K, used 9029K [0x0000000080000000, 0x00000000aaaa0000, 0x00000000aaaa0000)
  eden space 559232K,   0% used [0x0000000080000000, 0x0000000080000000, 0x00000000a2220000)
  from space 69888K,  12% used [0x00000000a2220000, 0x00000000a2af1618, 0x00000000a6660000)
  to   space 69888K,   0% used [0x00000000a6660000, 0x00000000a6660000, 0x00000000aaaa0000)
 tenured generation   total 1398144K, used 745563K [0x00000000aaaa0000, 0x0000000100000000, 0x0000000100000000)
   the space 1398144K,  53% used [0x00000000aaaa0000, 0x00000000d82b6c68, 0x00000000d82b6e00, 0x0000000100000000)
 Metaspace       used 121358K, capacity 125746K, committed 125888K, reserved 1155072K
  class space    used 18192K, capacity 19329K, committed 19432K, reserved 1048576K
}
Event: 27076.318 GC heap before
{Heap before GC invocations=652 (full 4):
 def new generation   total 629120K, used 568261K [0x0000000080000000, 0x00000000aaaa0000, 0x00000000aaaa0000)
  eden space 559232K, 100% used [0x0000000080000000, 0x00000000a2220000, 0x00000000a2220000)
  from space 69888K,  12% used [0x00000000a2220000, 0x00000000a2af1618, 0x00000000a6660000)
  to   space 69888K,   0% used [0x00000000a6660000, 0x00000000a6660000, 0x00000000aaaa0000)
 tenured generation   total 1398144K, used 745563K [0x00000000aaaa0000, 0x0000000100000000, 0x0000000100000000)
   the space 1398144K,  53% used [0x00000000aaaa0000, 0x00000000d82b6c68, 0x00000000d82b6e00, 0x0000000100000000)
 Metaspace       used 121359K, capacity 125746K, committed 125888K, reserved 1155072K
  class space    used 18192K, capacity 19329K, committed 19432K, reserved 1048576K
Event: 27078.315 GC heap after
Heap after GC invocations=653 (full 4):
 def new generation   total 629120K, used 13243K [0x0000000080000000, 0x00000000aaaa0000, 0x00000000aaaa0000)
  eden space 559232K,   0% used [0x0000000080000000, 0x0000000080000000, 0x00000000a2220000)
  from space 69888K,  18% used [0x00000000a6660000, 0x00000000a734ee88, 0x00000000aaaa0000)
  to   space 69888K,   0% used [0x00000000a2220000, 0x00000000a2220000, 0x00000000a6660000)
 tenured generation   total 1398144K, used 745588K [0x00000000aaaa0000, 0x0000000100000000, 0x0000000100000000)
   the space 1398144K,  53% used [0x00000000aaaa0000, 0x00000000d82bd208, 0x00000000d82bd400, 0x0000000100000000)
 Metaspace       used 121359K, capacity 125746K, committed 125888K, reserved 1155072K
  class space    used 18192K, capacity 19329K, committed 19432K, reserved 1048576K
}
Event: 27130.409 GC heap before
{Heap before GC invocations=653 (full 4):
 def new generation   total 629120K, used 572475K [0x0000000080000000, 0x00000000aaaa0000, 0x00000000aaaa0000)
  eden space 559232K, 100% used [0x0000000080000000, 0x00000000a2220000, 0x00000000a2220000)
  from space 69888K,  18% used [0x00000000a6660000, 0x00000000a734ee88, 0x00000000aaaa0000)
  to   space 69888K,   0% used [0x00000000a2220000, 0x00000000a2220000, 0x00000000a6660000)
 tenured generation   total 1398144K, used 745588K [0x00000000aaaa0000, 0x0000000100000000, 0x0000000100000000)
   the space 1398144K,  53% used [0x00000000aaaa0000, 0x00000000d82bd208, 0x00000000d82bd400, 0x0000000100000000)
 Metaspace       used 121359K, capacity 125746K, committed 125888K, reserved 1155072K
  class space    used 18192K, capacity 19329K, committed 19432K, reserved 1048576K
Event: 27130.606 GC heap after
Heap after GC invocations=654 (full 4):
 def new generation   total 629120K, used 7662K [0x0000000080000000, 0x00000000aaaa0000, 0x00000000aaaa0000)
  eden space 559232K,   0% used [0x0000000080000000, 0x0000000080000000, 0x00000000a2220000)
  from space 69888K,  10% used [0x00000000a2220000, 0x00000000a299b890, 0x00000000a6660000)
  to   space 69888K,   0% used [0x00000000a6660000, 0x00000000a6660000, 0x00000000aaaa0000)
 tenured generation   total 1398144K, used 745589K [0x00000000aaaa0000, 0x0000000100000000, 0x0000000100000000)
   the space 1398144K,  53% used [0x00000000aaaa0000, 0x00000000d82bd468, 0x00000000d82bd600, 0x0000000100000000)
 Metaspace       used 121359K, capacity 125746K, committed 125888K, reserved 1155072K
  class space    used 18192K, capacity 19329K, committed 19432K, reserved 1048576K
}
Event: 27215.593 GC heap before
{Heap before GC invocations=654 (full 4):
 def new generation   total 629120K, used 566894K [0x0000000080000000, 0x00000000aaaa0000, 0x00000000aaaa0000)
  eden space 559232K, 100% used [0x0000000080000000, 0x00000000a2220000, 0x00000000a2220000)
  from space 69888K,  10% used [0x00000000a2220000, 0x00000000a299b890, 0x00000000a6660000)
  to   space 69888K,   0% used [0x00000000a6660000, 0x00000000a6660000, 0x00000000aaaa0000)
 tenured generation   total 1398144K, used 745589K [0x00000000aaaa0000, 0x0000000100000000, 0x0000000100000000)
   the space 1398144K,  53% used [0x00000000aaaa0000, 0x00000000d82bd468, 0x00000000d82bd600, 0x0000000100000000)
 Metaspace       used 121380K, capacity 125776K, committed 125888K, reserved 1155072K
  class space    used 18195K, capacity 19334K, committed 19432K, reserved 1048576K
Event: 27216.313 GC heap after
Heap after GC invocations=655 (full 4):
 def new generation   total 629120K, used 16238K [0x0000000080000000, 0x00000000aaaa0000, 0x00000000aaaa0000)
  eden space 559232K,   0% used [0x0000000080000000, 0x0000000080000000, 0x00000000a2220000)
  from space 69888K,  23% used [0x00000000a6660000, 0x00000000a763b820, 0x00000000aaaa0000)
  to   space 69888K,   0% used [0x00000000a2220000, 0x00000000a2220000, 0x00000000a6660000)
 tenured generation   total 1398144K, used 747070K [0x00000000aaaa0000, 0x0000000100000000, 0x0000000100000000)
   the space 1398144K,  53% used [0x00000000aaaa0000, 0x00000000d842f948, 0x00000000d842fa00, 0x0000000100000000)
 Metaspace       used 121380K, capacity 125776K, committed 125888K, reserved 1155072K
  class space    used 18195K, capacity 19334K, committed 19432K, reserved 1048576K
}

Deoptimization events (10 events):
Event: 27233.142 Thread 0x00007fa5c4f91000 Uncommon trap: reason=unstable_if action=reinterpret pc=0x00007fa5b8efeed8 method=net.minecraft.world.Teleporter.func_180620_b(Lnet/minecraft/entity/Entity;F)Z @ 118
Event: 27233.913 Thread 0x00007fa5c4f91000 Uncommon trap: reason=unstable_if action=reinterpret pc=0x00007fa5b717c810 method=net.minecraftforge.fml.common.network.handshake.NetworkDispatcher.sendProxy(Lnet/minecraftforge/fml/common/network/internal/FMLProxyPacket;)V @ 7
Event: 27234.769 Thread 0x00007fa5c4f91000 Uncommon trap: reason=class_check action=maybe_recompile pc=0x00007fa5b8db5b44 method=net.minecraft.world.ServerWorldEventHandler.func_72703_a(Lnet/minecraft/entity/Entity;)V @ 29
Event: 27268.509 Thread 0x00007fa5c4f91000 Uncommon trap: reason=class_check action=maybe_recompile pc=0x00007fa5b58fe258 method=com.google.gson.reflect.TypeToken.<init>(Ljava/lang/reflect/Type;)V @ 9
Event: 27275.502 Thread 0x00007fa5a9a62000 Uncommon trap: reason=class_check action=maybe_recompile pc=0x00007fa5b69f6b40 method=com.google.common.collect.ImmutableList.copyOf(Ljava/util/Collection;)Lcom/google/common/collect/ImmutableList; @ 8
Event: 27278.348 Thread 0x00007fa5a9a62000 Uncommon trap: reason=class_check action=maybe_recompile pc=0x00007fa5b595db10 method=com.google.common.collect.ImmutableList.copyIntoArray([Ljava/lang/Object;I)I @ 1
Event: 27290.608 Thread 0x00007fa5a9682800 Uncommon trap: reason=null_assert action=make_not_entrant pc=0x00007fa5b86a3f7c method=io.netty.channel.AbstractChannel$AbstractUnsafe.flush0()V @ 104
Event: 27293.553 Thread 0x00007fa5a9682800 Uncommon trap: reason=unstable_if action=reinterpret pc=0x00007fa5b7946528 method=io.netty.channel.ChannelOutboundBuffer.decrementPendingOutboundBytes(JZZ)V @ 20
Event: 27300.691 Thread 0x00007fa5a9682800 Uncommon trap: reason=unstable_if action=reinterpret pc=0x00007fa5b77da510 method=io.netty.util.concurrent.DefaultPromise.isSuccess()Z @ 20
Event: 27304.787 Thread 0x00007fa5a9682800 Uncommon trap: reason=unstable_if action=reinterpret pc=0x00007fa5b8504c90 method=org.apache.logging.log4j.core.impl.MutableLogEvent.getThrownProxy()Lorg/apache/logging/log4j/core/impl/ThrowableProxy; @ 11

Classes redefined (0 events):
No events

Internal exceptions (10 events):
Event: 25296.367 Thread 0x00007fa5c4f6a000 Exception <a 'java/security/PrivilegedActionException'> (0x000000009463df48) thrown at [/build/openjdk-8-nxKaDu/openjdk-8-8u265-b01/src/hotspot/src/share/vm/prims/jvm.cpp, line 1512]
Event: 25296.629 Thread 0x00007fa5c4f6a000 Exception <a 'java/security/PrivilegedActionException'> (0x000000009463e158) thrown at [/build/openjdk-8-nxKaDu/openjdk-8-8u265-b01/src/hotspot/src/share/vm/prims/jvm.cpp, line 1512]
Event: 25760.211 Thread 0x00007fa5c40ff800 Implicit null exception at 0x00007fa5b88d725e to 0x00007fa5b88d959d
Event: 26196.317 Thread 0x00007fa5c4f6a000 Exception <a 'java/net/ConnectException'> (0x000000008fe757f0) thrown at [/build/openjdk-8-nxKaDu/openjdk-8-8u265-b01/src/hotspot/src/share/vm/prims/jni.cpp, line 711]
Event: 26196.595 Thread 0x00007fa5c4f6a000 Exception <a 'java/security/PrivilegedActionException'> (0x000000008fe75bf0) thrown at [/build/openjdk-8-nxKaDu/openjdk-8-8u265-b01/src/hotspot/src/share/vm/prims/jvm.cpp, line 1512]
Event: 26196.804 Thread 0x00007fa5c4f6a000 Exception <a 'java/security/PrivilegedActionException'> (0x000000008fe75e00) thrown at [/build/openjdk-8-nxKaDu/openjdk-8-8u265-b01/src/hotspot/src/share/vm/prims/jvm.cpp, line 1512]
Event: 26649.049 Thread 0x00007fa5c4f91000 Implicit null exception at 0x00007fa5b7dd8cc3 to 0x00007fa5b7ddc3b1
Event: 27100.949 Thread 0x00007fa5c4f6a000 Exception <a 'java/net/ConnectException'> (0x000000008fc462f8) thrown at [/build/openjdk-8-nxKaDu/openjdk-8-8u265-b01/src/hotspot/src/share/vm/prims/jni.cpp, line 711]
Event: 27101.414 Thread 0x00007fa5c4f6a000 Exception <a 'java/security/PrivilegedActionException'> (0x0000000091c30f20) thrown at [/build/openjdk-8-nxKaDu/openjdk-8-8u265-b01/src/hotspot/src/share/vm/prims/jvm.cpp, line 1512]
Event: 27101.588 Thread 0x00007fa5c4f6a000 Exception <a 'java/security/PrivilegedActionException'> (0x0000000091c31130) thrown at [/build/openjdk-8-nxKaDu/openjdk-8-8u265-b01/src/hotspot/src/share/vm/prims/jvm.cpp, line 1512]

Events (10 events):
Event: 27294.592 loading class io/netty/channel/AbstractChannel$AbstractUnsafe$6
Event: 27294.672 loading class io/netty/channel/AbstractChannel$AbstractUnsafe$6 done
Event: 27295.499 loading class net/minecraftforge/fml/common/LoaderState$ModState
Event: 27295.592 loading class net/minecraftforge/fml/common/LoaderState$ModState done
Event: 27300.593 Thread 0x00007fa5a9682800 Uncommon trap: trap_request=0xffffff65 fr.pc=0x00007fa5b77da510
Event: 27300.794 Thread 0x00007fa5a9682800 DEOPT PACKING pc=0x00007fa5b77da510 sp=0x00007fa593450b40
Event: 27301.407 Thread 0x00007fa5a9682800 DEOPT UNPACKING pc=0x00007fa5b504547a sp=0x00007fa593450900 mode 2
Event: 27304.679 Thread 0x00007fa5a9682800 Uncommon trap: trap_request=0xffffff65 fr.pc=0x00007fa5b8504c90
Event: 27305.399 Thread 0x00007fa5a9682800 DEOPT PACKING pc=0x00007fa5b8504c90 sp=0x00007fa59344f160
Event: 27305.606 Thread 0x00007fa5a9682800 DEOPT UNPACKING pc=0x00007fa5b504547a sp=0x00007fa59344f088 mode 2


Dynamic libraries:
80000000-1012fa000 rw-p 00000000 00:00 0 
1012fa000-140000000 ---p 00000000 00:00 0 
560fc429f000-560fc42a0000 r-xp 00000000 fc:01 1978598                    /usr/lib/jvm/java-8-openjdk-amd64/jre/bin/java
560fc449f000-560fc44a0000 r--p 00000000 fc:01 1978598                    /usr/lib/jvm/java-8-openjdk-amd64/jre/bin/java
560fc44a0000-560fc44a1000 rw-p 00001000 fc:01 1978598                    /usr/lib/jvm/java-8-openjdk-amd64/jre/bin/java
560fc5b80000-560fc5bc3000 rw-p 00000000 00:00 0                          [heap]
7fa58d47d000-7fa58d63d000 ---p 00000000 00:00 0 
7fa58d63d000-7fa58d83d000 rw-p 00000000 00:00 0 
7fa58d83d000-7fa58da3d000 rw-p 00000000 00:00 0 
7fa58da3d000-7fa58dc3d000 rw-p 00000000 00:00 0 
7fa58dc3d000-7fa58de3d000 rw-p 00000000 00:00 0 
7fa58de3d000-7fa58de40000 ---p 00000000 00:00 0 
7fa58de40000-7fa58df3e000 rw-p 00000000 00:00 0 
7fa58df3e000-7fa58df41000 ---p 00000000 00:00 0 
7fa58df41000-7fa58e03f000 rw-p 00000000 00:00 0 
7fa58e03f000-7fa58e042000 ---p 00000000 00:00 0 
7fa58e042000-7fa58e140000 rw-p 00000000 00:00 0 
7fa58e140000-7fa58e143000 ---p 00000000 00:00 0 
7fa58e143000-7fa590243000 rw-p 00000000 00:00 0 
7fa590243000-7fa590246000 ---p 00000000 00:00 0 
7fa590246000-7fa590544000 rw-p 00000000 00:00 0 
7fa590544000-7fa590744000 rw-p 00000000 00:00 0 
7fa590744000-7fa590944000 rw-p 00000000 00:00 0 
7fa590944000-7fa590b44000 rw-p 00000000 00:00 0 
7fa590b44000-7fa590d44000 rw-p 00000000 00:00 0 
7fa590d44000-7fa590f44000 rw-p 00000000 00:00 0 
7fa590f44000-7fa591144000 rw-p 00000000 00:00 0 
7fa591144000-7fa591344000 rw-p 00000000 00:00 0 
7fa591344000-7fa591544000 rw-p 00000000 00:00 0 
7fa591544000-7fa591744000 rw-p 00000000 00:00 0 
7fa591744000-7fa591944000 rw-p 00000000 00:00 0 
7fa591944000-7fa591947000 ---p 00000000 00:00 0 
7fa591947000-7fa591a45000 rw-p 00000000 00:00 0 
7fa591a45000-7fa591a48000 ---p 00000000 00:00 0 
7fa591a48000-7fa591d46000 rw-p 00000000 00:00 0 
7fa591d46000-7fa591d51000 r-xp 00000000 fc:01 2228247                    /tmp/libnetty-transport-native-epoll4579831476765206383.so (deleted)
7fa591d51000-7fa591f51000 ---p 0000b000 fc:01 2228247                    /tmp/libnetty-transport-native-epoll4579831476765206383.so (deleted)
7fa591f51000-7fa591f52000 rw-p 0000b000 fc:01 2228247                    /tmp/libnetty-transport-native-epoll4579831476765206383.so (deleted)
7fa591f52000-7fa592152000 rw-p 00000000 00:00 0 
7fa592152000-7fa592352000 rw-p 00000000 00:00 0 
7fa592352000-7fa592552000 rw-p 00000000 00:00 0 
7fa592552000-7fa592752000 rw-p 00000000 00:00 0 
7fa592752000-7fa592952000 rw-p 00000000 00:00 0 
7fa592952000-7fa592b52000 rw-p 00000000 00:00 0 
7fa592b52000-7fa592d52000 rw-p 00000000 00:00 0 
7fa592d52000-7fa592f52000 rw-p 00000000 00:00 0 
7fa592f52000-7fa593152000 rw-p 00000000 00:00 0 
7fa593152000-7fa593352000 rw-p 00000000 00:00 0 
7fa593352000-7fa593355000 ---p 00000000 00:00 0 
7fa593355000-7fa593653000 rw-p 00000000 00:00 0 
7fa593653000-7fa593656000 ---p 00000000 00:00 0 
7fa593656000-7fa59394a000 rw-p 00000000 00:00 0 
7fa59394a000-7fa593954000 ---p 00000000 00:00 0 
7fa593954000-7fa593b54000 rw-p 00000000 00:00 0 
7fa593b54000-7fa593b6b000 r-xp 00000000 fc:01 1442309                    /lib/x86_64-linux-gnu/libresolv-2.27.so
7fa593b6b000-7fa593d6b000 ---p 00017000 fc:01 1442309                    /lib/x86_64-linux-gnu/libresolv-2.27.so
7fa593d6b000-7fa593d6c000 r--p 00017000 fc:01 1442309                    /lib/x86_64-linux-gnu/libresolv-2.27.so
7fa593d6c000-7fa593d6d000 rw-p 00018000 fc:01 1442309                    /lib/x86_64-linux-gnu/libresolv-2.27.so
7fa593d6d000-7fa593d6f000 rw-p 00000000 00:00 0 
7fa593d6f000-7fa593d74000 r-xp 00000000 fc:01 1442283                    /lib/x86_64-linux-gnu/libnss_dns-2.27.so
7fa593d74000-7fa593f74000 ---p 00005000 fc:01 1442283                    /lib/x86_64-linux-gnu/libnss_dns-2.27.so
7fa593f74000-7fa593f75000 r--p 00005000 fc:01 1442283                    /lib/x86_64-linux-gnu/libnss_dns-2.27.so
7fa593f75000-7fa593f76000 rw-p 00006000 fc:01 1442283                    /lib/x86_64-linux-gnu/libnss_dns-2.27.so
7fa593f7f000-7fa593fa7000 r-xp 00000000 fc:01 1978641                    /usr/lib/jvm/java-8-openjdk-amd64/jre/lib/amd64/libsunec.so
7fa593fa7000-7fa5941a6000 ---p 00028000 fc:01 1978641                    /usr/lib/jvm/java-8-openjdk-amd64/jre/lib/amd64/libsunec.so
7fa5941a6000-7fa5941aa000 r--p 00027000 fc:01 1978641                    /usr/lib/jvm/java-8-openjdk-amd64/jre/lib/amd64/libsunec.so
7fa5941aa000-7fa5941ab000 rw-p 0002b000 fc:01 1978641                    /usr/lib/jvm/java-8-openjdk-amd64/jre/lib/amd64/libsunec.so
7fa5941ab000-7fa5941c1000 r--s 007bf000 fc:01 928930                     /opt/minecraft/mods/更多动物.jar
7fa5941c1000-7fa5941c8000 r--s 0005c000 fc:01 928940                     /opt/minecraft/mods/陆行鸟_1.12.2-0.9.8.0.jar
7fa5941c8000-7fa5943c8000 rw-p 00000000 00:00 0 
7fa5943c8000-7fa5943f9000 r--s 006af000 fc:01 928938                     /opt/minecraft/mods/血魔法2-1.12.2-2.4.3-105.jar
7fa5943f9000-7fa59441d000 r--s 000f3000 fc:01 928937                     /opt/minecraft/mods/自然-1.12.2-4.3.2.69.jar
7fa59441d000-7fa59444b000 r--s 00946000 fc:01 928936                     /opt/minecraft/mods/自定义NPC_1.12.2-(05Jul20).jar
7fa59444b000-7fa594469000 r--s 0019d000 fc:01 928935                     /opt/minecraft/mods/等价交换-1.12.2-PE1.4.1.jar
7fa594469000-7fa59446c000 r--s 0002b000 fc:01 928934                     /opt/minecraft/mods/矿石挖掘-1.4.150.jar
7fa59446c000-7fa594476000 r--s 00057000 fc:01 928928                     /opt/minecraft/mods/旅行者背包-1.12.2-1.0.34.jar
7fa594476000-7fa59447a000 r--s 00026000 fc:01 928926                     /opt/minecraft/mods/指南-API-1.12-2.1.8-63.jar
7fa59447a000-7fa594488000 r--s 00381000 fc:01 928925                     /opt/minecraft/mods/拔刀剑-mc1.12-r32.jar
7fa594488000-7fa59448d000 r--s 00036000 fc:01 928924                     /opt/minecraft/mods/扩展炼金-forge-1.12-build11-0.5.4.jar
7fa59448d000-7fa59468d000 rw-p 00000000 00:00 0 
7fa59468d000-7fa5946f3000 r--s 00cc7000 fc:01 928933                     /opt/minecraft/mods/植物魔法+r1.10-363.jar
7fa5946f3000-7fa5946fa000 r--s 0008c000 fc:01 928922                     /opt/minecraft/mods/巫术学：暮色森林扩展包-1.0.2-MC1.12.2.jar
7fa5946fa000-7fa5948fa000 rw-p 00000000 00:00 0 
7fa5948fa000-7fa594931000 r--s 0063d000 fc:01 928919                     /opt/minecraft/mods/巫术学：暮色森林法术包-4.2.11-MC1.12.2.jar
7fa594931000-7fa594933000 r--s 00006000 fc:01 928920                     /opt/minecraft/mods/多段跳-v1.1.1-1.12.2.jar
7fa594933000-7fa594936000 r--s 00018000 fc:01 928941                     /opt/minecraft/mods/饰品栏-1.12-1.5.2.jar
7fa594936000-7fa59494d000 r--s 000c4000 fc:01 928917                     /opt/minecraft/mods/匠魂兵工厂_匠魂护甲-1.12.2-1.2.5.9.jar
7fa59494d000-7fa594954000 r-xp 00000000 fc:01 1978615                    /usr/lib/jvm/java-8-openjdk-amd64/jre/lib/amd64/libawt_headless.so
7fa594954000-7fa594b53000 ---p 00007000 fc:01 1978615                    /usr/lib/jvm/java-8-openjdk-amd64/jre/lib/amd64/libawt_headless.so
7fa594b53000-7fa594b54000 r--p 00006000 fc:01 1978615                    /usr/lib/jvm/java-8-openjdk-amd64/jre/lib/amd64/libawt_headless.so
7fa594b54000-7fa594b55000 rw-p 00007000 fc:01 1978615                    /usr/lib/jvm/java-8-openjdk-amd64/jre/lib/amd64/libawt_headless.so
7fa594b55000-7fa594bf4000 r-xp 00000000 fc:01 1978614                    /usr/lib/jvm/java-8-openjdk-amd64/jre/lib/amd64/libawt.so
7fa594bf4000-7fa594df3000 ---p 0009f000 fc:01 1978614                    /usr/lib/jvm/java-8-openjdk-amd64/jre/lib/amd64/libawt.so
7fa594df3000-7fa594df4000 r--p 0009e000 fc:01 1978614                    /usr/lib/jvm/java-8-openjdk-amd64/jre/lib/amd64/libawt.so
7fa594df4000-7fa594dff000 rw-p 0009f000 fc:01 1978614                    /usr/lib/jvm/java-8-openjdk-amd64/jre/lib/amd64/libawt.so
7fa594dff000-7fa595024000 rw-p 00000000 00:00 0 
7fa595024000-7fa59507a000 r--s 00381000 fc:01 928916                     /opt/minecraft/mods/匠魂2-1.12.2-2.13.0.183.jar
7fa59507a000-7fa5950de000 r--s 01b01000 fc:01 928929                     /opt/minecraft/mods/暮色森林-1.12.2-3.11.1021-universal.jar
7fa5950de000-7fa5950ec000 r--s 000c0000 fc:01 928923                     /opt/minecraft/mods/地幔-1.12-1.3.3.55.jar
7fa5950ec000-7fa5950f6000 r--s 00057000 fc:01 928915                     /opt/minecraft/mods/动态的树：超多生物群系扩展-1.12.2-1.4.1e.jar
7fa5950f6000-7fa595139000 r--s 00438000 fc:01 928939                     /opt/minecraft/mods/超多生物群系-1.12.2-7.0.1.2441-universal.jar
7fa595139000-7fa595149000 r--s 000ba000 fc:01 928912                     /opt/minecraft/mods/动态的树-1.12.2-0.9.13.jar
7fa595149000-7fa59514d000 r--s 00028000 fc:01 928914                     /opt/minecraft/mods/传送石碑_1.12.2-4.1.0.jar
7fa59514d000-7fa595151000 r--s 0001d000 fc:01 928908                     /opt/minecraft/mods/minerva-library-1.0.13.jar
7fa595151000-7fa595351000 rw-p 00000000 00:00 0 
7fa595351000-7fa595551000 rw-p 00000000 00:00 0 
7fa595551000-7fa59555c000 r--s 00050000 fc:01 928909                     /opt/minecraft/mods/libnine-1.12.2-1.1.9.jar
7fa59555c000-7fa59575c000 rw-p 00000000 00:00 0 
7fa59575c000-7fa59575f000 ---p 00000000 00:00 0 
7fa59575f000-7fa59585d000 rw-p 00000000 00:00 0 
7fa59585d000-7fa59585e000 r--s 00004000 fc:01 928932                     /opt/minecraft/mods/极简血条+1.4-17.jar
7fa59585e000-7fa595864000 r--s 000e2000 fc:01 928931                     /opt/minecraft/mods/更好的动物模型-1.12.2-5.3.0.jar
7fa595864000-7fa595a64000 rw-p 00000000 00:00 0 
7fa595a64000-7fa595a67000 ---p 00000000 00:00 0 
7fa595a67000-7fa595d65000 rw-p 00000000 00:00 0 
7fa595d65000-7fa595d68000 ---p 00000000 00:00 0 
7fa595d68000-7fa595e66000 rw-p 00000000 00:00 0 
7fa595e66000-7fa595e69000 ---p 00000000 00:00 0 
7fa595e69000-7fa595f67000 rw-p 00000000 00:00 0 
7fa595f67000-7fa595f6a000 ---p 00000000 00:00 0 
7fa595f6a000-7fa596268000 rw-p 00000000 00:00 0 
7fa596268000-7fa596468000 rw-p 00000000 00:00 0 
7fa596468000-7fa596668000 rw-p 00000000 00:00 0 
7fa596668000-7fa596868000 rw-p 00000000 00:00 0 
7fa596868000-7fa596a68000 rw-p 00000000 00:00 0 
7fa596a68000-7fa596a7e000 r-xp 00000000 fc:01 1978642                    /usr/lib/jvm/java-8-openjdk-amd64/jre/lib/amd64/libunpack.so
7fa596a7e000-7fa596c7d000 ---p 00016000 fc:01 1978642                    /usr/lib/jvm/java-8-openjdk-amd64/jre/lib/amd64/libunpack.so
7fa596c7d000-7fa596c7f000 r--p 00015000 fc:01 1978642                    /usr/lib/jvm/java-8-openjdk-amd64/jre/lib/amd64/libunpack.so
7fa596c7f000-7fa596c80000 rw-p 00017000 fc:01 1978642                    /usr/lib/jvm/java-8-openjdk-amd64/jre/lib/amd64/libunpack.so
7fa596c80000-7fa596e81000 rw-p 00000000 00:00 0 
7fa596e81000-7fa596ea7000 r--s 00ba1000 fc:01 928921                     /opt/minecraft/mods/巫师艺术-0.11.1.jar
7fa596ea7000-7fa596ec1000 r--s 000f9000 fc:01 928918                     /opt/minecraft/mods/匠魂进化-1.12.2-1.0.32.jar
7fa596ec1000-7fa596f26000 r--s 00598000 fc:01 928910                     /opt/minecraft/mods/Shadowfacts' Forgelin-1.8.4.jar
7fa596f26000-7fa597157000 r--s 024a3000 fc:01 928911                     /opt/minecraft/mods/librarianlib-1.12.2-4.22.jar
7fa597157000-7fa597357000 rw-p 00000000 00:00 0 
7fa597357000-7fa59735a000 ---p 00000000 00:00 0 
7fa59735a000-7fa597458000 rw-p 00000000 00:00 0 
7fa597458000-7fa59745b000 ---p 00000000 00:00 0 
7fa59745b000-7fa597691000 rw-p 00000000 00:00 0 
7fa597691000-7fa597891000 rw-p 00000000 00:00 0 
7fa597891000-7fa597a91000 rw-p 00000000 00:00 0 
7fa597a91000-7fa597a9a000 r-xp 00000000 fc:01 1978634                    /usr/lib/jvm/java-8-openjdk-amd64/jre/lib/amd64/libmanagement.so
7fa597a9a000-7fa597c99000 ---p 00009000 fc:01 1978634                    /usr/lib/jvm/java-8-openjdk-amd64/jre/lib/amd64/libmanagement.so
7fa597c99000-7fa597c9a000 r--p 00008000 fc:01 1978634                    /usr/lib/jvm/java-8-openjdk-amd64/jre/lib/amd64/libmanagement.so
7fa597c9a000-7fa597c9b000 rw-p 00009000 fc:01 1978634                    /usr/lib/jvm/java-8-openjdk-amd64/jre/lib/amd64/libmanagement.so
7fa597c9b000-7fa597e9d000 r--s 01ad1000 fc:01 927881                     /opt/minecraft/minecraft_server.1.12.2.jar
7fa597e9d000-7fa597ec5000 r--s 00241000 fc:01 1187842                    /opt/minecraft/libraries/net/sf/trove4j/trove4j/3.0.3/trove4j-3.0.3.jar
7fa597ec5000-7fa597f10000 r--s 003e1000 fc:01 1317092                    /opt/minecraft/libraries/org/scala-lang/scala-reflect/2.11.1/scala-reflect-2.11.1.jar
7fa597f10000-7fa598000000 r--s 00be4000 fc:01 1317085                    /opt/minecraft/libraries/org/scala-lang/scala-compiler/2.11.1/scala-compiler-2.11.1.jar
7fa598000000-7fa59949e000 rw-p 00000000 00:00 0 
7fa59949e000-7fa59c000000 ---p 00000000 00:00 0 
7fa59c000000-7fa59c0a1000 rw-p 00000000 00:00 0 
7fa59c0a1000-7fa5a0000000 ---p 00000000 00:00 0 
7fa5a0000000-7fa5a0021000 rw-p 00000000 00:00 0 
7fa5a0021000-7fa5a4000000 ---p 00000000 00:00 0 
7fa5a4000000-7fa5a7a0a000 rw-p 00000000 00:00 0 
7fa5a7a0a000-7fa5a8000000 ---p 00000000 00:00 0 
7fa5a8000000-7fa5a9d3c000 rw-p 00000000 00:00 0 
7fa5a9d3c000-7fa5ac000000 ---p 00000000 00:00 0 
7fa5ac000000-7fa5ac021000 rw-p 00000000 00:00 0 
7fa5ac021000-7fa5b0000000 ---p 00000000 00:00 0 
7fa5b0000000-7fa5b01be000 rw-p 00000000 00:00 0 
7fa5b01be000-7fa5b4000000 ---p 00000000 00:00 0 
7fa5b4000000-7fa5b4013000 r--s 00346000 fc:01 1978686                    /usr/lib/jvm/java-8-openjdk-amd64/jre/lib/resources.jar
7fa5b4013000-7fa5b4014000 r--p 00000000 00:00 0 
7fa5b4014000-7fa5b4017000 r--s 00011000 fc:01 1058713                    /opt/minecraft/libraries/net/sf/jopt-simple/jopt-simple/5.0.3/jopt-simple-5.0.3.jar
7fa5b4017000-7fa5b4019000 r--s 0000c000 fc:01 1187841                    /opt/minecraft/libraries/org/apache/maven/maven-artifact/3.5.3/maven-artifact-3.5.3.jar
7fa5b4019000-7fa5b401b000 r--s 0004c000 fc:01 928945                     /opt/minecraft/libraries/java3d/vecmath/1.5.2/vecmath-1.5.2.jar
7fa5b401b000-7fa5b4025000 r--s 00095000 fc:01 1317093                    /opt/minecraft/libraries/org/scala-lang/scala-xml_2.11/1.0.2/scala-xml_2.11-1.0.2.jar
7fa5b4025000-7fa5b4030000 r--s 000a7000 fc:01 1317089                    /opt/minecraft/libraries/org/scala-lang/scala-swing_2.11/1.0.1/scala-swing_2.11-1.0.1.jar
7fa5b4030000-7fa5b403b000 r--s 0005c000 fc:01 1317091                    /opt/minecraft/libraries/org/scala-lang/scala-parser-combinators_2.11/1.0.1/scala-parser-combinators_2.11-1.0.1.jar
7fa5b403b000-7fa5b4094000 r--s 004f0000 fc:01 1317090                    /opt/minecraft/libraries/org/scala-lang/scala-library/2.11.1/scala-library-2.11.1.jar
7fa5b4094000-7fa5b4099000 r--s 0002e000 fc:01 1317086                    /opt/minecraft/libraries/org/scala-lang/plugins/scala-continuations-plugin_2.11.1/1.0.2_mc/scala-continuations-plugin_2.11.1-1.0.2_mc.jar
7fa5b4099000-7fa5b409b000 r--s 00005000 fc:01 1317087                    /opt/minecraft/libraries/org/scala-lang/plugins/scala-continuations-library_2.11/1.0.2_mc/scala-continuations-library_2.11-1.0.2_mc.jar
7fa5b409b000-7fa5b409f000 r--s 00032000 fc:01 928944                     /opt/minecraft/libraries/com/typesafe/config/1.2.1/config-1.2.1.jar
7fa5b409f000-7fa5b40c5000 r--s 00241000 fc:01 928943                     /opt/minecraft/libraries/com/typesafe/akka/akka-actor_2.11/2.3.3/akka-actor_2.11-2.3.3.jar
7fa5b40c5000-7fa5b40dc000 r-xp 00000000 fc:01 1978636                    /usr/lib/jvm/java-8-openjdk-amd64/jre/lib/amd64/libnet.so
7fa5b40dc000-7fa5b42dc000 ---p 00017000 fc:01 1978636                    /usr/lib/jvm/java-8-openjdk-amd64/jre/lib/amd64/libnet.so
7fa5b42dc000-7fa5b42dd000 r--p 00017000 fc:01 1978636                    /usr/lib/jvm/java-8-openjdk-amd64/jre/lib/amd64/libnet.so
7fa5b42dd000-7fa5b42de000 rw-p 00018000 fc:01 1978636                    /usr/lib/jvm/java-8-openjdk-amd64/jre/lib/amd64/libnet.so
7fa5b42de000-7fa5b42f0000 r-xp 00000000 fc:01 1978637                    /usr/lib/jvm/java-8-openjdk-amd64/jre/lib/amd64/libnio.so
7fa5b42f0000-7fa5b44ef000 ---p 00012000 fc:01 1978637                    /usr/lib/jvm/java-8-openjdk-amd64/jre/lib/amd64/libnio.so
7fa5b44ef000-7fa5b44f0000 r--p 00011000 fc:01 1978637                    /usr/lib/jvm/java-8-openjdk-amd64/jre/lib/amd64/libnio.so
7fa5b44f0000-7fa5b44f1000 rw-p 00012000 fc:01 1978637                    /usr/lib/jvm/java-8-openjdk-amd64/jre/lib/amd64/libnio.so
7fa5b44f1000-7fa5b451a000 r--s 00419000 fc:01 927879                     /opt/minecraft/forge-1.12.2-14.23.5.2854.jar
7fa5b451a000-7fa5b451b000 ---p 00000000 00:00 0 
7fa5b451b000-7fa5b461b000 rw-p 00000000 00:00 0 
7fa5b461b000-7fa5b461e000 ---p 00000000 00:00 0 
7fa5b461e000-7fa5b471c000 rw-p 00000000 00:00 0 
7fa5b471c000-7fa5b471d000 ---p 00000000 00:00 0 
7fa5b471d000-7fa5b4720000 ---p 00000000 00:00 0 
7fa5b4720000-7fa5b481d000 rw-p 00000000 00:00 0 
7fa5b481d000-7fa5b481e000 ---p 00000000 00:00 0 
7fa5b481e000-7fa5b4821000 ---p 00000000 00:00 0 
7fa5b4821000-7fa5b491e000 rw-p 00000000 00:00 0 
7fa5b491e000-7fa5b4921000 ---p 00000000 00:00 0 
7fa5b4921000-7fa5b4a1f000 rw-p 00000000 00:00 0 
7fa5b4a1f000-7fa5b4cfd000 r--p 00000000 fc:01 660262                     /usr/lib/locale/locale-archive
7fa5b4cfd000-7fa5b4d00000 ---p 00000000 00:00 0 
7fa5b4d00000-7fa5b4dfe000 rw-p 00000000 00:00 0 
7fa5b4dfe000-7fa5b4e01000 ---p 00000000 00:00 0 
7fa5b4e01000-7fa5b4eff000 rw-p 00000000 00:00 0 
7fa5b4eff000-7fa5b4f00000 ---p 00000000 00:00 0 
7fa5b4f00000-7fa5b5000000 rw-p 00000000 00:00 0 
7fa5b5000000-7fa5ba1a0000 rwxp 00000000 00:00 0 
7fa5ba1a0000-7fa5c4000000 ---p 00000000 00:00 0 
7fa5c4000000-7fa5c4f93000 rw-p 00000000 00:00 0 
7fa5c4f93000-7fa5c8000000 ---p 00000000 00:00 0 
7fa5c8000000-7fa5c8001000 r--s 00001000 fc:01 928946                     /opt/minecraft/libraries/lzma/lzma/0.0.1/lzma-0.0.1.jar
7fa5c8001000-7fa5c8003000 r--s 0000d000 fc:01 1317088                    /opt/minecraft/libraries/org/scala-lang/scala-actors-migration_2.11/1.1.0/scala-actors-migration_2.11-1.1.0.jar
7fa5c8003000-7fa5c800b000 r--s 0008f000 fc:01 1187840                    /opt/minecraft/libraries/org/jline/jline/3.5.1/jline-3.5.1.jar
7fa5c800b000-7fa5c800d000 r--s 00007000 fc:01 1058711                    /opt/minecraft/libraries/net/minecraft/launchwrapper/1.12/launchwrapper-1.12.jar
7fa5c800d000-7fa5c8012000 r--s 0005a000 fc:01 1187843                    /opt/minecraft/libraries/org/ow2/asm/asm-debug-all/5.2/asm-debug-all-5.2.jar
7fa5c8012000-7fa5c8017000 r--s 000a7000 fc:01 1978681                    /usr/lib/jvm/java-8-openjdk-amd64/jre/lib/jsse.jar
7fa5c8017000-7fa5c8032000 r--s 001d6000 fc:01 1978663                    /usr/lib/jvm/java-8-openjdk-amd64/jre/lib/ext/nashorn.jar
7fa5c8032000-7fa5c804d000 r--s 00394000 fc:01 1978658                    /usr/lib/jvm/java-8-openjdk-amd64/jre/lib/ext/cldrdata.jar
7fa5c804d000-7fa5c809b000 rw-p 00000000 00:00 0 
7fa5c809b000-7fa5c826d000 r--s 03ca8000 fc:01 1978687                    /usr/lib/jvm/java-8-openjdk-amd64/jre/lib/rt.jar
7fa5c826d000-7fa5c8a6d000 rw-p 00000000 00:00 0 
7fa5c8a6d000-7fa5c9118000 rw-p 00000000 00:00 0 
7fa5c9118000-7fa5c9260000 rw-p 00000000 00:00 0 
7fa5c9260000-7fa5c94d9000 ---p 00000000 00:00 0 
7fa5c94d9000-7fa5c94e1000 r-xp 00000000 fc:01 1978644                    /usr/lib/jvm/java-8-openjdk-amd64/jre/lib/amd64/libzip.so
7fa5c94e1000-7fa5c96e0000 ---p 00008000 fc:01 1978644                    /usr/lib/jvm/java-8-openjdk-amd64/jre/lib/amd64/libzip.so
7fa5c96e0000-7fa5c96e1000 r--p 00007000 fc:01 1978644                    /usr/lib/jvm/java-8-openjdk-amd64/jre/lib/amd64/libzip.so
7fa5c96e1000-7fa5c96e2000 rw-p 00008000 fc:01 1978644                    /usr/lib/jvm/java-8-openjdk-amd64/jre/lib/amd64/libzip.so
7fa5c96e2000-7fa5c96ed000 r-xp 00000000 fc:01 1442285                    /lib/x86_64-linux-gnu/libnss_files-2.27.so
7fa5c96ed000-7fa5c98ec000 ---p 0000b000 fc:01 1442285                    /lib/x86_64-linux-gnu/libnss_files-2.27.so
7fa5c98ec000-7fa5c98ed000 r--p 0000a000 fc:01 1442285                    /lib/x86_64-linux-gnu/libnss_files-2.27.so
7fa5c98ed000-7fa5c98ee000 rw-p 0000b000 fc:01 1442285                    /lib/x86_64-linux-gnu/libnss_files-2.27.so
7fa5c98ee000-7fa5c98f4000 rw-p 00000000 00:00 0 
7fa5c98f4000-7fa5c990b000 r-xp 00000000 fc:01 1442279                    /lib/x86_64-linux-gnu/libnsl-2.27.so
7fa5c990b000-7fa5c9b0a000 ---p 00017000 fc:01 1442279                    /lib/x86_64-linux-gnu/libnsl-2.27.so
7fa5c9b0a000-7fa5c9b0b000 r--p 00016000 fc:01 1442279                    /lib/x86_64-linux-gnu/libnsl-2.27.so
7fa5c9b0b000-7fa5c9b0c000 rw-p 00017000 fc:01 1442279                    /lib/x86_64-linux-gnu/libnsl-2.27.so
7fa5c9b0c000-7fa5c9b0e000 rw-p 00000000 00:00 0 
7fa5c9b0e000-7fa5c9b19000 r-xp 00000000 fc:01 1442289                    /lib/x86_64-linux-gnu/libnss_nis-2.27.so
7fa5c9b19000-7fa5c9d18000 ---p 0000b000 fc:01 1442289                    /lib/x86_64-linux-gnu/libnss_nis-2.27.so
7fa5c9d18000-7fa5c9d19000 r--p 0000a000 fc:01 1442289                    /lib/x86_64-linux-gnu/libnss_nis-2.27.so
7fa5c9d19000-7fa5c9d1a000 rw-p 0000b000 fc:01 1442289                    /lib/x86_64-linux-gnu/libnss_nis-2.27.so
7fa5c9d1a000-7fa5c9d22000 r-xp 00000000 fc:01 1442281                    /lib/x86_64-linux-gnu/libnss_compat-2.27.so
7fa5c9d22000-7fa5c9f22000 ---p 00008000 fc:01 1442281                    /lib/x86_64-linux-gnu/libnss_compat-2.27.so
7fa5c9f22000-7fa5c9f23000 r--p 00008000 fc:01 1442281                    /lib/x86_64-linux-gnu/libnss_compat-2.27.so
7fa5c9f23000-7fa5c9f24000 rw-p 00009000 fc:01 1442281                    /lib/x86_64-linux-gnu/libnss_compat-2.27.so
7fa5c9f24000-7fa5c9f4e000 r-xp 00000000 fc:01 1978625                    /usr/lib/jvm/java-8-openjdk-amd64/jre/lib/amd64/libjava.so
7fa5c9f4e000-7fa5ca14d000 ---p 0002a000 fc:01 1978625                    /usr/lib/jvm/java-8-openjdk-amd64/jre/lib/amd64/libjava.so
7fa5ca14d000-7fa5ca14e000 r--p 00029000 fc:01 1978625                    /usr/lib/jvm/java-8-openjdk-amd64/jre/lib/amd64/libjava.so
7fa5ca14e000-7fa5ca150000 rw-p 0002a000 fc:01 1978625                    /usr/lib/jvm/java-8-openjdk-amd64/jre/lib/amd64/libjava.so
7fa5ca150000-7fa5ca160000 r-xp 00000000 fc:01 1978643                    /usr/lib/jvm/java-8-openjdk-amd64/jre/lib/amd64/libverify.so
7fa5ca160000-7fa5ca35f000 ---p 00010000 fc:01 1978643                    /usr/lib/jvm/java-8-openjdk-amd64/jre/lib/amd64/libverify.so
7fa5ca35f000-7fa5ca361000 r--p 0000f000 fc:01 1978643                    /usr/lib/jvm/java-8-openjdk-amd64/jre/lib/amd64/libverify.so
7fa5ca361000-7fa5ca362000 rw-p 00011000 fc:01 1978643                    /usr/lib/jvm/java-8-openjdk-amd64/jre/lib/amd64/libverify.so
7fa5ca362000-7fa5ca369000 r-xp 00000000 fc:01 1442311                    /lib/x86_64-linux-gnu/librt-2.27.so
7fa5ca369000-7fa5ca568000 ---p 00007000 fc:01 1442311                    /lib/x86_64-linux-gnu/librt-2.27.so
7fa5ca568000-7fa5ca569000 r--p 00006000 fc:01 1442311                    /lib/x86_64-linux-gnu/librt-2.27.so
7fa5ca569000-7fa5ca56a000 rw-p 00007000 fc:01 1442311                    /lib/x86_64-linux-gnu/librt-2.27.so
7fa5ca56a000-7fa5ca581000 r-xp 00000000 fc:01 1448847                    /lib/x86_64-linux-gnu/libgcc_s.so.1
7fa5ca581000-7fa5ca780000 ---p 00017000 fc:01 1448847                    /lib/x86_64-linux-gnu/libgcc_s.so.1
7fa5ca780000-7fa5ca781000 r--p 00016000 fc:01 1448847                    /lib/x86_64-linux-gnu/libgcc_s.so.1
7fa5ca781000-7fa5ca782000 rw-p 00017000 fc:01 1448847                    /lib/x86_64-linux-gnu/libgcc_s.so.1
7fa5ca782000-7fa5ca91f000 r-xp 00000000 fc:01 1442264                    /lib/x86_64-linux-gnu/libm-2.27.so
7fa5ca91f000-7fa5cab1e000 ---p 0019d000 fc:01 1442264                    /lib/x86_64-linux-gnu/libm-2.27.so
7fa5cab1e000-7fa5cab1f000 r--p 0019c000 fc:01 1442264                    /lib/x86_64-linux-gnu/libm-2.27.so
7fa5cab1f000-7fa5cab20000 rw-p 0019d000 fc:01 1442264                    /lib/x86_64-linux-gnu/libm-2.27.so
7fa5cab20000-7fa5cac99000 r-xp 00000000 fc:01 655733                     /usr/lib/x86_64-linux-gnu/libstdc++.so.6.0.25
7fa5cac99000-7fa5cae99000 ---p 00179000 fc:01 655733                     /usr/lib/x86_64-linux-gnu/libstdc++.so.6.0.25
7fa5cae99000-7fa5caea3000 r--p 00179000 fc:01 655733                     /usr/lib/x86_64-linux-gnu/libstdc++.so.6.0.25
7fa5caea3000-7fa5caea5000 rw-p 00183000 fc:01 655733                     /usr/lib/x86_64-linux-gnu/libstdc++.so.6.0.25
7fa5caea5000-7fa5caea9000 rw-p 00000000 00:00 0 
7fa5caea9000-7fa5cbb51000 r-xp 00000000 fc:01 1978647                    /usr/lib/jvm/java-8-openjdk-amd64/jre/lib/amd64/server/libjvm.so
7fa5cbb51000-7fa5cbd51000 ---p 00ca8000 fc:01 1978647                    /usr/lib/jvm/java-8-openjdk-amd64/jre/lib/amd64/server/libjvm.so
7fa5cbd51000-7fa5cbde5000 r--p 00ca8000 fc:01 1978647                    /usr/lib/jvm/java-8-openjdk-amd64/jre/lib/amd64/server/libjvm.so
7fa5cbde5000-7fa5cbe0e000 rw-p 00d3c000 fc:01 1978647                    /usr/lib/jvm/java-8-openjdk-amd64/jre/lib/amd64/server/libjvm.so
7fa5cbe0e000-7fa5cbe3e000 rw-p 00000000 00:00 0 
7fa5cbe3e000-7fa5cbe58000 r-xp 00000000 fc:01 1442305                    /lib/x86_64-linux-gnu/libpthread-2.27.so
7fa5cbe58000-7fa5cc057000 ---p 0001a000 fc:01 1442305                    /lib/x86_64-linux-gnu/libpthread-2.27.so
7fa5cc057000-7fa5cc058000 r--p 00019000 fc:01 1442305                    /lib/x86_64-linux-gnu/libpthread-2.27.so
7fa5cc058000-7fa5cc059000 rw-p 0001a000 fc:01 1442305                    /lib/x86_64-linux-gnu/libpthread-2.27.so
7fa5cc059000-7fa5cc05d000 rw-p 00000000 00:00 0 
7fa5cc05d000-7fa5cc060000 r-xp 00000000 fc:01 1442235                    /lib/x86_64-linux-gnu/libdl-2.27.so
7fa5cc060000-7fa5cc25f000 ---p 00003000 fc:01 1442235                    /lib/x86_64-linux-gnu/libdl-2.27.so
7fa5cc25f000-7fa5cc260000 r--p 00002000 fc:01 1442235                    /lib/x86_64-linux-gnu/libdl-2.27.so
7fa5cc260000-7fa5cc261000 rw-p 00003000 fc:01 1442235                    /lib/x86_64-linux-gnu/libdl-2.27.so
7fa5cc261000-7fa5cc27d000 r-xp 00000000 fc:01 1442336                    /lib/x86_64-linux-gnu/libz.so.1.2.11
7fa5cc27d000-7fa5cc47c000 ---p 0001c000 fc:01 1442336                    /lib/x86_64-linux-gnu/libz.so.1.2.11
7fa5cc47c000-7fa5cc47d000 r--p 0001b000 fc:01 1442336                    /lib/x86_64-linux-gnu/libz.so.1.2.11
7fa5cc47d000-7fa5cc47e000 rw-p 0001c000 fc:01 1442336                    /lib/x86_64-linux-gnu/libz.so.1.2.11
7fa5cc47e000-7fa5cc665000 r-xp 00000000 fc:01 1442218                    /lib/x86_64-linux-gnu/libc-2.27.so
7fa5cc665000-7fa5cc865000 ---p 001e7000 fc:01 1442218                    /lib/x86_64-linux-gnu/libc-2.27.so
7fa5cc865000-7fa5cc869000 r--p 001e7000 fc:01 1442218                    /lib/x86_64-linux-gnu/libc-2.27.so
7fa5cc869000-7fa5cc86b000 rw-p 001eb000 fc:01 1442218                    /lib/x86_64-linux-gnu/libc-2.27.so
7fa5cc86b000-7fa5cc86f000 rw-p 00000000 00:00 0 
7fa5cc86f000-7fa5cc87d000 r-xp 00000000 fc:01 1978611                    /usr/lib/jvm/java-8-openjdk-amd64/jre/lib/amd64/jli/libjli.so
7fa5cc87d000-7fa5cca7c000 ---p 0000e000 fc:01 1978611                    /usr/lib/jvm/java-8-openjdk-amd64/jre/lib/amd64/jli/libjli.so
7fa5cca7c000-7fa5cca7d000 r--p 0000d000 fc:01 1978611                    /usr/lib/jvm/java-8-openjdk-amd64/jre/lib/amd64/jli/libjli.so
7fa5cca7d000-7fa5cca7e000 rw-p 0000e000 fc:01 1978611                    /usr/lib/jvm/java-8-openjdk-amd64/jre/lib/amd64/jli/libjli.so
7fa5cca7e000-7fa5ccaa5000 r-xp 00000000 fc:01 1442194                    /lib/x86_64-linux-gnu/ld-2.27.so
7fa5ccaa5000-7fa5ccaa7000 r--s 00016000 fc:01 1978679                    /usr/lib/jvm/java-8-openjdk-amd64/jre/lib/jce.jar
7fa5ccaa7000-7fa5ccaad000 r--s 0003d000 fc:01 1978665                    /usr/lib/jvm/java-8-openjdk-amd64/jre/lib/ext/sunjce_provider.jar
7fa5ccaad000-7fa5ccab7000 r--s 00117000 fc:01 1978662                    /usr/lib/jvm/java-8-openjdk-amd64/jre/lib/ext/localedata.jar
7fa5ccab7000-7fa5ccab8000 r--s 00010000 fc:01 1978667                    /usr/lib/jvm/java-8-openjdk-amd64/jre/lib/ext/zipfs.jar
7fa5ccab8000-7fa5ccaba000 r--s 00001000 fc:01 1978659                    /usr/lib/jvm/java-8-openjdk-amd64/jre/lib/ext/dnsns.jar
7fa5ccaba000-7fa5ccabe000 r--s 0003a000 fc:01 1978666                    /usr/lib/jvm/java-8-openjdk-amd64/jre/lib/ext/sunpkcs11.jar
7fa5ccabe000-7fa5ccb8f000 rw-p 00000000 00:00 0 
7fa5ccb8f000-7fa5ccb97000 rw-s 00000000 fc:01 2228241                    /tmp/hsperfdata_root/25744
7fa5ccb97000-7fa5ccb98000 ---p 00000000 00:00 0 
7fa5ccb98000-7fa5ccb9b000 ---p 00000000 00:00 0 
7fa5ccb9b000-7fa5ccc9a000 rw-p 00000000 00:00 0 
7fa5ccc9a000-7fa5ccc9b000 r--s 0000a000 fc:01 1978661                    /usr/lib/jvm/java-8-openjdk-amd64/jre/lib/ext/jaccess.jar
7fa5ccc9b000-7fa5ccc9d000 r--s 00007000 fc:01 1842517                    /usr/share/java/java-atk-wrapper.jar
7fa5ccc9d000-7fa5ccca0000 r--s 0000f000 fc:01 1978660                    /usr/lib/jvm/java-8-openjdk-amd64/jre/lib/ext/icedtea-sound.jar
7fa5ccca0000-7fa5ccca1000 r--s 0000d000 fc:01 1978664                    /usr/lib/jvm/java-8-openjdk-amd64/jre/lib/ext/sunec.jar
7fa5ccca1000-7fa5ccca2000 rw-p 00000000 00:00 0 
7fa5ccca2000-7fa5ccca3000 r--p 00000000 00:00 0 
7fa5ccca3000-7fa5ccca5000 rw-p 00000000 00:00 0 
7fa5ccca5000-7fa5ccca6000 r--p 00027000 fc:01 1442194                    /lib/x86_64-linux-gnu/ld-2.27.so
7fa5ccca6000-7fa5ccca7000 rw-p 00028000 fc:01 1442194                    /lib/x86_64-linux-gnu/ld-2.27.so
7fa5ccca7000-7fa5ccca8000 rw-p 00000000 00:00 0 
7ffddf1c8000-7ffddf1e9000 rw-p 00000000 00:00 0                          [stack]
7ffddf1ee000-7ffddf1f1000 r--p 00000000 00:00 0                          [vvar]
7ffddf1f1000-7ffddf1f3000 r-xp 00000000 00:00 0                          [vdso]
ffffffffff600000-ffffffffff601000 r-xp 00000000 00:00 0                  [vsyscall]

VM Arguments:
jvm_args: -Xms1024M -Xms2048M 
java_command: forge-1.12.2-14.23.5.2854.jar
java_class_path (initial): forge-1.12.2-14.23.5.2854.jar
Launcher Type: SUN_STANDARD

Environment Variables:
PATH=/usr/local/sbin:/usr/local/bin:/usr/sbin:/usr/bin:/sbin:/bin:/usr/games:/usr/local/games:/snap/bin
SHELL=/bin/bash

Signal Handlers:
SIGSEGV: [libjvm.so+0xabb430], sa_mask[0]=11111111011111111101111111111110, sa_flags=SA_RESTART|SA_SIGINFO
SIGBUS: [libjvm.so+0xabb430], sa_mask[0]=11111111011111111101111111111110, sa_flags=SA_RESTART|SA_SIGINFO
SIGFPE: [libjvm.so+0x8eb5b0], sa_mask[0]=11111111011111111101111111111110, sa_flags=SA_RESTART|SA_SIGINFO
SIGPIPE: [libjvm.so+0x8eb5b0], sa_mask[0]=11111111011111111101111111111110, sa_flags=SA_RESTART|SA_SIGINFO
SIGXFSZ: [libjvm.so+0x8eb5b0], sa_mask[0]=11111111011111111101111111111110, sa_flags=SA_RESTART|SA_SIGINFO
SIGILL: [libjvm.so+0x8eb5b0], sa_mask[0]=11111111011111111101111111111110, sa_flags=SA_RESTART|SA_SIGINFO
SIGUSR1: SIG_DFL, sa_mask[0]=00000000000000000000000000000000, sa_flags=none
SIGUSR2: [libjvm.so+0x8eb460], sa_mask[0]=00000000000000000000000000000000, sa_flags=SA_RESTART|SA_SIGINFO
SIGHUP: [libjvm.so+0x8ebad0], sa_mask[0]=11111111011111111101111111111110, sa_flags=SA_RESTART|SA_SIGINFO
SIGINT: [libjvm.so+0x8ebad0], sa_mask[0]=11111111011111111101111111111110, sa_flags=SA_RESTART|SA_SIGINFO
SIGTERM: [libjvm.so+0x8ebad0], sa_mask[0]=11111111011111111101111111111110, sa_flags=SA_RESTART|SA_SIGINFO
SIGQUIT: [libjvm.so+0x8ebad0], sa_mask[0]=11111111011111111101111111111110, sa_flags=SA_RESTART|SA_SIGINFO


---------------  S Y S T E M  ---------------

OS:DISTRIB_ID=Ubuntu
DISTRIB_RELEASE=18.04
DISTRIB_CODENAME=bionic
DISTRIB_DESCRIPTION="Ubuntu 18.04.4 LTS"

uname:Linux 4.15.0-91-generic #92-Ubuntu SMP Fri Feb 28 11:09:48 UTC 2020 x86_64
libc:glibc 2.27 NPTL 2.27 
rlimit: STACK 8192k, CORE 0k, NPROC 7724, NOFILE 65535, AS infinity
load average:8.88 5.88 4.29

/proc/meminfo:
MemTotal:        2040548 kB
MemFree:           54936 kB
MemAvailable:          0 kB
Buffers:             220 kB
Cached:             8784 kB
SwapCached:            0 kB
Active:          1894184 kB
Inactive:           7268 kB
Active(anon):    1893356 kB
Inactive(anon):     5776 kB
Active(file):        828 kB
Inactive(file):     1492 kB
Unevictable:           0 kB
Mlocked:               0 kB
SwapTotal:             0 kB
SwapFree:              0 kB
Dirty:                 0 kB
Writeback:             0 kB
AnonPages:       1892548 kB
Mapped:             1292 kB
Shmem:              6584 kB
Slab:              51608 kB
SReclaimable:      18364 kB
SUnreclaim:        33244 kB
KernelStack:        2288 kB
PageTables:         8136 kB
NFS_Unstable:          0 kB
Bounce:                0 kB
WritebackTmp:          0 kB
CommitLimit:     1020272 kB
Committed_AS:    2815576 kB
VmallocTotal:   34359738367 kB
VmallocUsed:           0 kB
VmallocChunk:          0 kB
HardwareCorrupted:     0 kB
AnonHugePages:         0 kB
ShmemHugePages:        0 kB
ShmemPmdMapped:        0 kB
CmaTotal:              0 kB
CmaFree:               0 kB
HugePages_Total:       0
HugePages_Free:        0
HugePages_Rsvd:        0
HugePages_Surp:        0
Hugepagesize:       2048 kB
DirectMap4k:       87552 kB
DirectMap2M:     2009088 kB
DirectMap1G:           0 kB

container (cgroup) information:
container_type: cgroupv1
cpu_cpuset_cpus: 0
cpu_memory_nodes: 0
active_processor_count: 1
cpu_quota: -1
cpu_period: 100000
cpu_shares: -1
memory_limit_in_bytes: -1
memory_and_swap_limit_in_bytes: -2
memory_soft_limit_in_bytes: -1
memory_usage_in_bytes: 1854455808
memory_max_usage_in_bytes: 1861881856


CPU:total 1 (initial active 1) (1 cores per cpu, 1 threads per core) family 6 model 85 stepping 4, cmov, cx8, fxsr, mmx, sse, sse2, sse3, ssse3, sse4.1, sse4.2, popcnt, avx, avx2, aes, clmul, erms, rtm, 3dnowpref, lzcnt, tsc, tscinvbit, bmi1, bmi2, adx

/proc/cpuinfo:
processor	: 0
vendor_id	: GenuineIntel
cpu family	: 6
model		: 85
model name	: Intel(R) Xeon(R) Gold 6161 CPU @ 2.20GHz
stepping	: 4
microcode	: 0x1
cpu MHz		: 2200.000
cache size	: 30976 KB
physical id	: 0
siblings	: 1
core id		: 0
cpu cores	: 1
apicid		: 0
initial apicid	: 0
fpu		: yes
fpu_exception	: yes
cpuid level	: 13
wp		: yes
flags		: fpu vme de pse tsc msr pae mce cx8 apic sep mtrr pge mca cmov pat pse36 clflush mmx fxsr sse sse2 ss syscall nx pdpe1gb rdtscp lm constant_tsc rep_good nopl xtopology nonstop_tsc cpuid tsc_known_freq pni pclmulqdq ssse3 fma cx16 pcid sse4_1 sse4_2 x2apic movbe popcnt tsc_deadline_timer aes xsave avx f16c rdrand hypervisor lahf_lm abm 3dnowprefetch invpcid_single ssbd ibrs ibpb stibp fsgsbase tsc_adjust bmi1 hle avx2 smep bmi2 erms invpcid rtm mpx avx512f avx512dq rdseed adx smap clflushopt clwb avx512cd avx512bw avx512vl xsaveopt xsavec xgetbv1 arat md_clear flush_l1d
bugs		: cpu_meltdown spectre_v1 spectre_v2 spec_store_bypass l1tf mds swapgs taa itlb_multihit
bogomips	: 4400.00
clflush size	: 64
cache_alignment	: 64
address sizes	: 42 bits physical, 48 bits virtual
power management:



Memory: 4k page, physical 2040548k(54404k free), swap 0k(0k free)

vm_info: OpenJDK 64-Bit Server VM (25.265-b01) for linux-amd64 JRE (1.8.0_265-8u265-b01-0ubuntu2~18.04-b01), built on Aug  3 2020 01:16:56 by "buildd" with gcc 7.5.0

time: Fri Sep 18 20:01:46 2020
timezone: CST
elapsed time: 27335 seconds (0d 7h 35m 35s)

